Using pre-set license
Built from '2020.3/staging' branch; Version is '2020.3.10f1 (297d780c91bc) revision 2719096'; Using compiler version '192528614'; Build Type 'Release'
OS: 'Windows 10 Pro; OS build 19043.1348; Version 2009; 64bit' Language: 'ru' Physical Memory: 16344 MB
BatchMode: 1, IsHumanControllingUs: 0, StartBugReporterOnCrash: 0, Is64bit: 1, IsPro: 0

 COMMAND LINE ARGUMENTS:
C:\Program Files\Unity\Hub\Editor\2020.3.10f1\Editor\Unity.exe
-adb2
-batchMode
-noUpm
-name
AssetImportWorker0
-projectPath
D:/II/HomeworkII/Homework II
-logFile
Logs/AssetImportWorker0.log
-srvPort
64650
Successfully changed project path to: D:/II/HomeworkII/Homework II
D:/II/HomeworkII/Homework II
Using Asset Import Pipeline V2.
Refreshing native plugins compatible for Editor in 42.91 ms, found 2 plugins.
Preloading 0 native plugins for Editor in 0.00 ms.
Initialize engine version: 2020.3.10f1 (297d780c91bc)
[Subsystems] Discovering subsystems at path C:/Program Files/Unity/Hub/Editor/2020.3.10f1/Editor/Data/Resources/UnitySubsystems
[Subsystems] Discovering subsystems at path D:/II/HomeworkII/Homework II/Assets
GfxDevice: creating device client; threaded=0
Direct3D:
    Version:  Direct3D 11.0 [level 11.1]
    Renderer: NVIDIA GeForce GTX 1070 (ID=0x1b81)
    Vendor:   
    VRAM:     8088 MB
    Driver:   30.0.14.9676
Initialize mono
Mono path[0] = 'C:/Program Files/Unity/Hub/Editor/2020.3.10f1/Editor/Data/Managed'
Mono path[1] = 'C:/Program Files/Unity/Hub/Editor/2020.3.10f1/Editor/Data/MonoBleedingEdge/lib/mono/unityjit'
Mono config path = 'C:/Program Files/Unity/Hub/Editor/2020.3.10f1/Editor/Data/MonoBleedingEdge/etc'
Using monoOptions --debugger-agent=transport=dt_socket,embedding=1,server=y,suspend=n,address=127.0.0.1:56520
Begin MonoManager ReloadAssembly
Registering precompiled unity dll's ...
Register platform support module: C:/Program Files/Unity/Hub/Editor/2020.3.10f1/Editor/Data/PlaybackEngines/WindowsStandaloneSupport/UnityEditor.WindowsStandalone.Extensions.dll
Registered in 0.002539 seconds.
Native extension for WindowsStandalone target not found
Refreshing native plugins compatible for Editor in 35.03 ms, found 2 plugins.
Preloading 0 native plugins for Editor in 0.00 ms.
Mono: successfully reloaded assembly
- Completed reload, in  1.739 seconds
Platform modules already initialized, skipping
Registering precompiled user dll's ...
Registered in 0.003534 seconds.
Begin MonoManager ReloadAssembly
Native extension for WindowsStandalone target not found
Refreshing native plugins compatible for Editor in 0.43 ms, found 2 plugins.
Preloading 0 native plugins for Editor in 0.00 ms.
Mono: successfully reloaded assembly
- Completed reload, in  1.427 seconds
Platform modules already initialized, skipping
========================================================================
Worker process is ready to serve import requests
Launched and connected shader compiler UnityShaderCompiler.exe after 0.06 seconds
Refreshing native plugins compatible for Editor in 0.31 ms, found 2 plugins.
Preloading 0 native plugins for Editor in 0.00 ms.
Unloading 1388 Unused Serialized files (Serialized files now loaded: 0)
System memory in use before: 77.3 MB.
System memory in use after: 77.4 MB.

Unloading 19 unused Assets to reduce memory usage. Loaded Objects now: 1836.
Total: 2.605200 ms (FindLiveObjects: 0.154600 ms CreateObjectMapping: 0.050000 ms MarkObjects: 2.303900 ms  DeleteObjects: 0.095100 ms)

========================================================================
Received Import Request.
  path: Assets/Mini Legion Rock Golem PBR HP Polyart/Animations/Animator test.controller
  artifactKey: Guid(7ea8482b6d92f89499c6893cd496a8f9) Importer(815301076,1909f56bfc062723c751e8b465ee728b)
Start importing Assets/Mini Legion Rock Golem PBR HP Polyart/Animations/Animator test.controller using Guid(7ea8482b6d92f89499c6893cd496a8f9) Importer(815301076,1909f56bfc062723c751e8b465ee728b)  -> (artifact id: '9ad022fa9ff1752c53de2362f75ac2f7') in 0.110260 seconds
  Import took 0.113297 seconds .

========================================================================
Received Import Request.
  Time since last request: 124.625045 seconds.
  path: Assets/ToonyTinyPeople/TT_RTS/TT_RTS_standard_demo/sample_scene/sample_infantry.controller
  artifactKey: Guid(0d2a25dfb60c5e4479a2490b7db6aba4) Importer(815301076,1909f56bfc062723c751e8b465ee728b)
Start importing Assets/ToonyTinyPeople/TT_RTS/TT_RTS_standard_demo/sample_scene/sample_infantry.controller using Guid(0d2a25dfb60c5e4479a2490b7db6aba4) Importer(815301076,1909f56bfc062723c751e8b465ee728b)  -> (artifact id: 'b218d0ec4609855c7b66bf7aac7b86d9') in 0.016733 seconds
  Import took 0.020331 seconds .

========================================================================
Received Import Request.
  Time since last request: 1189.329666 seconds.
  path: Assets/NewBehaviourScript.cs
  artifactKey: Guid(a6e702818955b2745a7c2b3e10560d52) Importer(815301076,1909f56bfc062723c751e8b465ee728b)
Start importing Assets/NewBehaviourScript.cs using Guid(a6e702818955b2745a7c2b3e10560d52) Importer(815301076,1909f56bfc062723c751e8b465ee728b)  -> (artifact id: '817170a4adeb37e1091367665eb30601') in 0.020817 seconds
  Import took 0.024286 seconds .

========================================================================
Received Prepare
Registering precompiled user dll's ...
Registered in 0.011799 seconds.
Begin MonoManager ReloadAssembly
Native extension for WindowsStandalone target not found
Refreshing native plugins compatible for Editor in 0.32 ms, found 2 plugins.
Preloading 0 native plugins for Editor in 0.00 ms.
Mono: successfully reloaded assembly
- Completed reload, in  1.563 seconds
Platform modules already initialized, skipping
Refreshing native plugins compatible for Editor in 0.29 ms, found 2 plugins.
Preloading 0 native plugins for Editor in 0.00 ms.
Unloading 1383 Unused Serialized files (Serialized files now loaded: 0)
System memory in use before: 77.3 MB.
System memory in use after: 77.4 MB.

Unloading 14 unused Assets to reduce memory usage. Loaded Objects now: 1839.
Total: 2.338200 ms (FindLiveObjects: 0.274100 ms CreateObjectMapping: 0.300800 ms MarkObjects: 1.690400 ms  DeleteObjects: 0.071600 ms)

========================================================================
Received Prepare
Registering precompiled user dll's ...
Registered in 0.004619 seconds.
Begin MonoManager ReloadAssembly
Native extension for WindowsStandalone target not found
Refreshing native plugins compatible for Editor in 8.92 ms, found 2 plugins.
Preloading 0 native plugins for Editor in 0.00 ms.
Mono: successfully reloaded assembly
- Completed reload, in  1.351 seconds
Platform modules already initialized, skipping
Refreshing native plugins compatible for Editor in 0.30 ms, found 2 plugins.
Preloading 0 native plugins for Editor in 0.00 ms.
Unloading 1383 Unused Serialized files (Serialized files now loaded: 0)
System memory in use before: 77.3 MB.
System memory in use after: 77.4 MB.

Unloading 14 unused Assets to reduce memory usage. Loaded Objects now: 1842.
Total: 3.844700 ms (FindLiveObjects: 0.145800 ms CreateObjectMapping: 0.049700 ms MarkObjects: 3.579400 ms  DeleteObjects: 0.068500 ms)

========================================================================
Received Prepare
Registering precompiled user dll's ...
Registered in 0.003631 seconds.
Begin MonoManager ReloadAssembly
Native extension for WindowsStandalone target not found
Refreshing native plugins compatible for Editor in 0.46 ms, found 2 plugins.
Preloading 0 native plugins for Editor in 0.00 ms.
Mono: successfully reloaded assembly
- Completed reload, in  1.216 seconds
Platform modules already initialized, skipping
Refreshing native plugins compatible for Editor in 0.29 ms, found 2 plugins.
Preloading 0 native plugins for Editor in 0.00 ms.
Unloading 1383 Unused Serialized files (Serialized files now loaded: 0)
System memory in use before: 77.2 MB.
System memory in use after: 77.3 MB.

Unloading 14 unused Assets to reduce memory usage. Loaded Objects now: 1845.
Total: 9.523700 ms (FindLiveObjects: 0.156300 ms CreateObjectMapping: 0.048700 ms MarkObjects: 9.235300 ms  DeleteObjects: 0.081600 ms)

========================================================================
Received Prepare
Registering precompiled user dll's ...
Registered in 0.007684 seconds.
Begin MonoManager ReloadAssembly
Native extension for WindowsStandalone target not found
Refreshing native plugins compatible for Editor in 0.29 ms, found 2 plugins.
Preloading 0 native plugins for Editor in 0.00 ms.
Mono: successfully reloaded assembly
- Completed reload, in  1.405 seconds
Platform modules already initialized, skipping
Refreshing native plugins compatible for Editor in 0.33 ms, found 2 plugins.
Preloading 0 native plugins for Editor in 0.00 ms.
Unloading 1383 Unused Serialized files (Serialized files now loaded: 0)
System memory in use before: 77.2 MB.
System memory in use after: 77.3 MB.

Unloading 14 unused Assets to reduce memory usage. Loaded Objects now: 1848.
Total: 2.946200 ms (FindLiveObjects: 0.168400 ms CreateObjectMapping: 0.401100 ms MarkObjects: 2.305100 ms  DeleteObjects: 0.070200 ms)

========================================================================
Received Prepare
Registering precompiled user dll's ...
Registered in 0.003414 seconds.
Begin MonoManager ReloadAssembly
Native extension for WindowsStandalone target not found
Refreshing native plugins compatible for Editor in 0.42 ms, found 2 plugins.
Preloading 0 native plugins for Editor in 0.00 ms.
Mono: successfully reloaded assembly
- Completed reload, in  1.500 seconds
Platform modules already initialized, skipping
Refreshing native plugins compatible for Editor in 0.42 ms, found 2 plugins.
Preloading 0 native plugins for Editor in 0.00 ms.
Unloading 1383 Unused Serialized files (Serialized files now loaded: 0)
System memory in use before: 77.2 MB.
System memory in use after: 77.3 MB.

Unloading 14 unused Assets to reduce memory usage. Loaded Objects now: 1851.
Total: 2.224300 ms (FindLiveObjects: 0.201500 ms CreateObjectMapping: 0.062900 ms MarkObjects: 1.882800 ms  DeleteObjects: 0.075500 ms)

========================================================================
Received Prepare
Registering precompiled user dll's ...
Registered in 0.003738 seconds.
Begin MonoManager ReloadAssembly
Native extension for WindowsStandalone target not found
Refreshing native plugins compatible for Editor in 0.32 ms, found 2 plugins.
Preloading 0 native plugins for Editor in 0.00 ms.
Mono: successfully reloaded assembly
- Completed reload, in  1.483 seconds
Platform modules already initialized, skipping
Refreshing native plugins compatible for Editor in 0.29 ms, found 2 plugins.
Preloading 0 native plugins for Editor in 0.00 ms.
Unloading 1383 Unused Serialized files (Serialized files now loaded: 0)
System memory in use before: 77.2 MB.
System memory in use after: 77.3 MB.

Unloading 14 unused Assets to reduce memory usage. Loaded Objects now: 1854.
Total: 16.841000 ms (FindLiveObjects: 0.214000 ms CreateObjectMapping: 0.049500 ms MarkObjects: 16.494500 ms  DeleteObjects: 0.080500 ms)

========================================================================
Received Prepare
Registering precompiled user dll's ...
Registered in 0.013790 seconds.
Begin MonoManager ReloadAssembly
Native extension for WindowsStandalone target not found
Refreshing native plugins compatible for Editor in 0.30 ms, found 2 plugins.
Preloading 0 native plugins for Editor in 0.00 ms.
Mono: successfully reloaded assembly
- Completed reload, in  1.280 seconds
Platform modules already initialized, skipping
Refreshing native plugins compatible for Editor in 0.30 ms, found 2 plugins.
Preloading 0 native plugins for Editor in 0.00 ms.
Unloading 1383 Unused Serialized files (Serialized files now loaded: 0)
System memory in use before: 77.3 MB.
System memory in use after: 77.3 MB.

Unloading 14 unused Assets to reduce memory usage. Loaded Objects now: 1857.
Total: 3.558900 ms (FindLiveObjects: 0.150800 ms CreateObjectMapping: 0.045400 ms MarkObjects: 3.289800 ms  DeleteObjects: 0.071400 ms)

========================================================================
Received Prepare
Registering precompiled user dll's ...
Registered in 0.003434 seconds.
Begin MonoManager ReloadAssembly
Native extension for WindowsStandalone target not found
Refreshing native plugins compatible for Editor in 0.30 ms, found 2 plugins.
Preloading 0 native plugins for Editor in 0.00 ms.
Mono: successfully reloaded assembly
- Completed reload, in  1.381 seconds
Platform modules already initialized, skipping
Refreshing native plugins compatible for Editor in 0.30 ms, found 2 plugins.
Preloading 0 native plugins for Editor in 0.00 ms.
Unloading 1383 Unused Serialized files (Serialized files now loaded: 0)
System memory in use before: 77.3 MB.
System memory in use after: 77.3 MB.

Unloading 14 unused Assets to reduce memory usage. Loaded Objects now: 1860.
Total: 2.056400 ms (FindLiveObjects: 0.173700 ms CreateObjectMapping: 0.052900 ms MarkObjects: 1.766900 ms  DeleteObjects: 0.061900 ms)

========================================================================
Received Prepare
Registering precompiled user dll's ...
Registered in 0.003269 seconds.
Begin MonoManager ReloadAssembly
Native extension for WindowsStandalone target not found
Refreshing native plugins compatible for Editor in 0.66 ms, found 2 plugins.
Preloading 0 native plugins for Editor in 0.00 ms.
Mono: successfully reloaded assembly
- Completed reload, in  1.012 seconds
Platform modules already initialized, skipping
Refreshing native plugins compatible for Editor in 0.30 ms, found 2 plugins.
Preloading 0 native plugins for Editor in 0.00 ms.
Unloading 1383 Unused Serialized files (Serialized files now loaded: 0)
System memory in use before: 77.3 MB.
System memory in use after: 77.3 MB.

Unloading 14 unused Assets to reduce memory usage. Loaded Objects now: 1863.
Total: 3.817500 ms (FindLiveObjects: 0.168700 ms CreateObjectMapping: 0.049800 ms MarkObjects: 3.525300 ms  DeleteObjects: 0.071900 ms)

========================================================================
Received Prepare
Registering precompiled user dll's ...
Registered in 0.021340 seconds.
Begin MonoManager ReloadAssembly
Native extension for WindowsStandalone target not found
Refreshing native plugins compatible for Editor in 0.32 ms, found 2 plugins.
Preloading 0 native plugins for Editor in 0.00 ms.
Mono: successfully reloaded assembly
- Completed reload, in  2.298 seconds
Platform modules already initialized, skipping
Refreshing native plugins compatible for Editor in 0.31 ms, found 2 plugins.
Preloading 0 native plugins for Editor in 0.00 ms.
Unloading 1383 Unused Serialized files (Serialized files now loaded: 0)
System memory in use before: 77.3 MB.
System memory in use after: 77.3 MB.

Unloading 14 unused Assets to reduce memory usage. Loaded Objects now: 1866.
Total: 2.185800 ms (FindLiveObjects: 0.159300 ms CreateObjectMapping: 0.050100 ms MarkObjects: 1.875600 ms  DeleteObjects: 0.099700 ms)

========================================================================
Received Prepare
Registering precompiled user dll's ...
Registered in 0.003514 seconds.
Begin MonoManager ReloadAssembly
Native extension for WindowsStandalone target not found
Refreshing native plugins compatible for Editor in 0.75 ms, found 2 plugins.
Preloading 0 native plugins for Editor in 0.00 ms.
Mono: successfully reloaded assembly
- Completed reload, in  1.572 seconds
Platform modules already initialized, skipping
Refreshing native plugins compatible for Editor in 0.30 ms, found 2 plugins.
Preloading 0 native plugins for Editor in 0.00 ms.
Unloading 1383 Unused Serialized files (Serialized files now loaded: 0)
System memory in use before: 77.3 MB.
System memory in use after: 77.4 MB.

Unloading 14 unused Assets to reduce memory usage. Loaded Objects now: 1869.
Total: 2.240500 ms (FindLiveObjects: 0.158000 ms CreateObjectMapping: 0.299600 ms MarkObjects: 1.693300 ms  DeleteObjects: 0.088500 ms)

========================================================================
Received Prepare
Registering precompiled user dll's ...
Registered in 0.003313 seconds.
Begin MonoManager ReloadAssembly
Native extension for WindowsStandalone target not found
Refreshing native plugins compatible for Editor in 0.34 ms, found 2 plugins.
Preloading 0 native plugins for Editor in 0.00 ms.
Mono: successfully reloaded assembly
- Completed reload, in  2.373 seconds
Platform modules already initialized, skipping
Refreshing native plugins compatible for Editor in 0.33 ms, found 2 plugins.
Preloading 0 native plugins for Editor in 0.00 ms.
Unloading 1383 Unused Serialized files (Serialized files now loaded: 0)
System memory in use before: 77.3 MB.
System memory in use after: 77.4 MB.

Unloading 14 unused Assets to reduce memory usage. Loaded Objects now: 1872.
Total: 2.173300 ms (FindLiveObjects: 0.340300 ms CreateObjectMapping: 0.075900 ms MarkObjects: 1.688600 ms  DeleteObjects: 0.066200 ms)

========================================================================
Received Import Request.
  Time since last request: 7895.813078 seconds.
  path: Assets/ToonyTinyPeople/TT_RTS/TT_RTS_standard_demo/sample_scene/TT_RTS_demo_sample_sceneSettings.lighting
  artifactKey: Guid(4f1c4eb7b14ab484abf3e5bd22912ebe) Importer(815301076,1909f56bfc062723c751e8b465ee728b)
Start importing Assets/ToonyTinyPeople/TT_RTS/TT_RTS_standard_demo/sample_scene/TT_RTS_demo_sample_sceneSettings.lighting using Guid(4f1c4eb7b14ab484abf3e5bd22912ebe) Importer(815301076,1909f56bfc062723c751e8b465ee728b) LightingSettings: switching bake backend from 1 to 0.
 -> (artifact id: '288d4743a0413c56368f27d55ae6f4ef') in 0.120500 seconds
  Import took 0.126031 seconds .

========================================================================
Received Prepare
Trying to reload asset but can't find object on disk

Registering precompiled user dll's ...
Registered in 0.003129 seconds.
Begin MonoManager ReloadAssembly
Native extension for WindowsStandalone target not found
Refreshing native plugins compatible for Editor in 0.30 ms, found 2 plugins.
Preloading 0 native plugins for Editor in 0.00 ms.
Mono: successfully reloaded assembly
- Completed reload, in  1.171 seconds
Platform modules already initialized, skipping
Refreshing native plugins compatible for Editor in 0.30 ms, found 2 plugins.
Preloading 0 native plugins for Editor in 0.00 ms.
Unloading 1383 Unused Serialized files (Serialized files now loaded: 0)
System memory in use before: 77.4 MB.
System memory in use after: 77.5 MB.

Unloading 14 unused Assets to reduce memory usage. Loaded Objects now: 1875.
Total: 2.076900 ms (FindLiveObjects: 0.162000 ms CreateObjectMapping: 0.042000 ms MarkObjects: 1.797900 ms  DeleteObjects: 0.073700 ms)

========================================================================
Received Import Request.
  Time since last request: 215.048772 seconds.
  path: Assets/Mini Legion Rock Golem PBR HP Polyart/Scenes/Scene.unity
  artifactKey: Guid(474a787390ad1d743a3dea192ef09ff6) Importer(815301076,1909f56bfc062723c751e8b465ee728b)
Start importing Assets/Mini Legion Rock Golem PBR HP Polyart/Scenes/Scene.unity using Guid(474a787390ad1d743a3dea192ef09ff6) Importer(815301076,1909f56bfc062723c751e8b465ee728b)  -> (artifact id: 'cb75413eba46b380051e9fb92533eea1') in 0.023163 seconds
  Import took 0.030906 seconds .

========================================================================
Received Import Request.
  Time since last request: 1.388758 seconds.
  path: Assets/Mini Legion Rock Golem PBR HP Polyart/Scenes/SceneSettings.lighting
  artifactKey: Guid(b1a385ad56e78bf44817570cb3e55f20) Importer(815301076,1909f56bfc062723c751e8b465ee728b)
Start importing Assets/Mini Legion Rock Golem PBR HP Polyart/Scenes/SceneSettings.lighting using Guid(b1a385ad56e78bf44817570cb3e55f20) Importer(815301076,1909f56bfc062723c751e8b465ee728b) LightingSettings: switching bake backend from 1 to 0.
 -> (artifact id: 'e91b816c50d4411b5b1caa005688afef') in 0.018846 seconds
  Import took 0.021200 seconds .

========================================================================
Received Import Request.
  Time since last request: 2.902687 seconds.
  path: Assets/Mini Legion Rock Golem PBR HP Polyart/Textures/AlbedoGolem.png
  artifactKey: Guid(8e14ac0e081c92e419d772a166b7ebd3) Importer(815301076,1909f56bfc062723c751e8b465ee728b)
Start importing Assets/Mini Legion Rock Golem PBR HP Polyart/Textures/AlbedoGolem.png using Guid(8e14ac0e081c92e419d772a166b7ebd3) Importer(815301076,1909f56bfc062723c751e8b465ee728b)  -> (artifact id: '0ec71aef5df4b0a254ae372d34d363e7') in 0.089697 seconds
  Import took 0.093664 seconds .

========================================================================
Received Import Request.
  Time since last request: 0.000182 seconds.
  path: Assets/Mini Legion Rock Golem PBR HP Polyart/Textures/AOGolem.png
  artifactKey: Guid(d124a198778d8ab489c40a2def2dbe78) Importer(815301076,1909f56bfc062723c751e8b465ee728b)
Start importing Assets/Mini Legion Rock Golem PBR HP Polyart/Textures/AOGolem.png using Guid(d124a198778d8ab489c40a2def2dbe78) Importer(815301076,1909f56bfc062723c751e8b465ee728b)  -> (artifact id: '6605308a4441b61181b47fe96974e3a2') in 0.036202 seconds
  Import took 0.038842 seconds .

========================================================================
Received Import Request.
  Time since last request: 0.000178 seconds.
  path: Assets/Mini Legion Rock Golem PBR HP Polyart/Textures/HP_Golem.png
  artifactKey: Guid(c3b7a6b86247cb444ad8371d3c086086) Importer(815301076,1909f56bfc062723c751e8b465ee728b)
Start importing Assets/Mini Legion Rock Golem PBR HP Polyart/Textures/HP_Golem.png using Guid(c3b7a6b86247cb444ad8371d3c086086) Importer(815301076,1909f56bfc062723c751e8b465ee728b)  -> (artifact id: 'fe043a8ccb4db4eeaaa3dfc6fba5d5dd') in 0.041235 seconds
  Import took 0.043598 seconds .

========================================================================
Received Import Request.
  Time since last request: 0.000168 seconds.
  path: Assets/Mini Legion Rock Golem PBR HP Polyart/Textures/EmissionGolem.png
  artifactKey: Guid(2c228118eb117524e9d248a4fc17de22) Importer(815301076,1909f56bfc062723c751e8b465ee728b)
Start importing Assets/Mini Legion Rock Golem PBR HP Polyart/Textures/EmissionGolem.png using Guid(2c228118eb117524e9d248a4fc17de22) Importer(815301076,1909f56bfc062723c751e8b465ee728b)  -> (artifact id: '6a8b3d1afd55cbd9538e0000e1fee1f1') in 0.028598 seconds
  Import took 0.030660 seconds .

========================================================================
Received Import Request.
  Time since last request: 0.000160 seconds.
  path: Assets/Mini Legion Rock Golem PBR HP Polyart/Textures/PolyartStandard.png
  artifactKey: Guid(15b0ee25e3ee5d6479de36fa2862d895) Importer(815301076,1909f56bfc062723c751e8b465ee728b)
Start importing Assets/Mini Legion Rock Golem PBR HP Polyart/Textures/PolyartStandard.png using Guid(15b0ee25e3ee5d6479de36fa2862d895) Importer(815301076,1909f56bfc062723c751e8b465ee728b)  -> (artifact id: 'fc85b9a8385643acf5565ff5e974679d') in 0.025039 seconds
  Import took 0.027490 seconds .

========================================================================
Received Import Request.
  Time since last request: 0.000175 seconds.
  path: Assets/Mini Legion Rock Golem PBR HP Polyart/Textures/MRGolem.png
  artifactKey: Guid(356014505e5532341b63295eeada6023) Importer(815301076,1909f56bfc062723c751e8b465ee728b)
Start importing Assets/Mini Legion Rock Golem PBR HP Polyart/Textures/MRGolem.png using Guid(356014505e5532341b63295eeada6023) Importer(815301076,1909f56bfc062723c751e8b465ee728b)  -> (artifact id: '58e007be003423635b761f4fd7e6876d') in 0.026578 seconds
  Import took 0.028885 seconds .

========================================================================
Received Import Request.
  Time since last request: 0.000161 seconds.
  path: Assets/Mini Legion Rock Golem PBR HP Polyart/Textures/NormalGolem.png
  artifactKey: Guid(d44803ef50e988443a59950806d14a51) Importer(815301076,1909f56bfc062723c751e8b465ee728b)
Start importing Assets/Mini Legion Rock Golem PBR HP Polyart/Textures/NormalGolem.png using Guid(d44803ef50e988443a59950806d14a51) Importer(815301076,1909f56bfc062723c751e8b465ee728b)  -> (artifact id: '177d54436149c148fc0041e6e24d9f0f') in 0.052131 seconds
  Import took 0.055674 seconds .

========================================================================
Received Import Request.
  Time since last request: 21.147867 seconds.
  path: Assets/Mini Legion Rock Golem PBR HP Polyart/Meshes/RockMesh.fbx
  artifactKey: Guid(61d36fd741d737440a1141db2542d983) Importer(815301076,1909f56bfc062723c751e8b465ee728b)
Start importing Assets/Mini Legion Rock Golem PBR HP Polyart/Meshes/RockMesh.fbx using Guid(61d36fd741d737440a1141db2542d983) Importer(815301076,1909f56bfc062723c751e8b465ee728b)  -> (artifact id: '21c329b8b1fca7043176a89cb2ae0401') in 0.137967 seconds
  Import took 0.140818 seconds .

========================================================================
Received Import Request.
  Time since last request: 1.836252 seconds.
  path: Assets/Mini Legion Rock Golem PBR HP Polyart/Materials/HP_Golem.mat
  artifactKey: Guid(c8a253bc1d9e7814a87d01583a336bd9) Importer(815301076,1909f56bfc062723c751e8b465ee728b)
Start importing Assets/Mini Legion Rock Golem PBR HP Polyart/Materials/HP_Golem.mat using Guid(c8a253bc1d9e7814a87d01583a336bd9) Importer(815301076,1909f56bfc062723c751e8b465ee728b)  -> (artifact id: '40bead9e2ad5398c5690b30913ece52b') in 0.053642 seconds
  Import took 0.056622 seconds .

========================================================================
Received Import Request.
  Time since last request: 0.000142 seconds.
  path: Assets/Mini Legion Rock Golem PBR HP Polyart/Materials/PBR_Golem.mat
  artifactKey: Guid(63d68c3ba5d7b90418069b96d9c35a4a) Importer(815301076,1909f56bfc062723c751e8b465ee728b)
Start importing Assets/Mini Legion Rock Golem PBR HP Polyart/Materials/PBR_Golem.mat using Guid(63d68c3ba5d7b90418069b96d9c35a4a) Importer(815301076,1909f56bfc062723c751e8b465ee728b)  -> (artifact id: 'da23bba7b1f631886c04e8d480328b6c') in 0.058234 seconds
  Import took 0.063444 seconds .

========================================================================
Received Import Request.
  Time since last request: 0.000176 seconds.
  path: Assets/Mini Legion Rock Golem PBR HP Polyart/Materials/Stage 1.mat
  artifactKey: Guid(d6645a3db55ef0c478638eaddedb98ff) Importer(815301076,1909f56bfc062723c751e8b465ee728b)
Start importing Assets/Mini Legion Rock Golem PBR HP Polyart/Materials/Stage 1.mat using Guid(d6645a3db55ef0c478638eaddedb98ff) Importer(815301076,1909f56bfc062723c751e8b465ee728b)  -> (artifact id: '5365a80cb276bc53c858f2b437b585d5') in 0.031009 seconds
  Import took 0.033503 seconds .

========================================================================
Received Import Request.
  Time since last request: 0.000167 seconds.
  path: Assets/Mini Legion Rock Golem PBR HP Polyart/Materials/PolyartStandard.mat
  artifactKey: Guid(957781e2e64d0264f970dde36a30bd93) Importer(815301076,1909f56bfc062723c751e8b465ee728b)
Start importing Assets/Mini Legion Rock Golem PBR HP Polyart/Materials/PolyartStandard.mat using Guid(957781e2e64d0264f970dde36a30bd93) Importer(815301076,1909f56bfc062723c751e8b465ee728b)  -> (artifact id: 'e4da3d1cafc256cc598278c525851275') in 0.022918 seconds
  Import took 0.025367 seconds .

========================================================================
Received Import Request.
  Time since last request: 0.000130 seconds.
  path: Assets/Mini Legion Rock Golem PBR HP Polyart/Materials/HP_Golem.mat
  artifactKey: Guid(c8a253bc1d9e7814a87d01583a336bd9) Importer(815301076,1909f56bfc062723c751e8b465ee728b)
Start importing Assets/Mini Legion Rock Golem PBR HP Polyart/Materials/HP_Golem.mat using Guid(c8a253bc1d9e7814a87d01583a336bd9) Importer(815301076,1909f56bfc062723c751e8b465ee728b)  -> (artifact id: '40bead9e2ad5398c5690b30913ece52b') in 0.032396 seconds
  Import took 0.035170 seconds .

========================================================================
Received Import Request.
  Time since last request: 0.000164 seconds.
  path: Assets/Mini Legion Rock Golem PBR HP Polyart/Materials/Skybox_Mat.mat
  artifactKey: Guid(7a0829b84da95824781fc0ab1c892dd4) Importer(815301076,1909f56bfc062723c751e8b465ee728b)
Start importing Assets/Mini Legion Rock Golem PBR HP Polyart/Materials/Skybox_Mat.mat using Guid(7a0829b84da95824781fc0ab1c892dd4) Importer(815301076,1909f56bfc062723c751e8b465ee728b)  -> (artifact id: '4f9a0dccf947bd97df05ca2f96a86532') in 0.127214 seconds
  Import took 0.129811 seconds .

AssetImportWorkerClient::OnTransportError - code=2 error=End of file
