Using pre-set license
Built from '2020.3/staging' branch; Version is '2020.3.10f1 (297d780c91bc) revision 2719096'; Using compiler version '192528614'; Build Type 'Release'
OS: 'Windows 10 Pro; OS build 19043.1348; Version 2009; 64bit' Language: 'ru' Physical Memory: 16344 MB
BatchMode: 1, IsHumanControllingUs: 0, StartBugReporterOnCrash: 0, Is64bit: 1, IsPro: 0

 COMMAND LINE ARGUMENTS:
C:\Program Files\Unity\Hub\Editor\2020.3.10f1\Editor\Unity.exe
-adb2
-batchMode
-noUpm
-name
AssetImportWorker0
-projectPath
D:/II/HomeworkII/Homework II
-logFile
Logs/AssetImportWorker0.log
-srvPort
60087
Successfully changed project path to: D:/II/HomeworkII/Homework II
D:/II/HomeworkII/Homework II
Using Asset Import Pipeline V2.
Refreshing native plugins compatible for Editor in 29.44 ms, found 2 plugins.
Preloading 0 native plugins for Editor in 0.00 ms.
Initialize engine version: 2020.3.10f1 (297d780c91bc)
[Subsystems] Discovering subsystems at path C:/Program Files/Unity/Hub/Editor/2020.3.10f1/Editor/Data/Resources/UnitySubsystems
[Subsystems] Discovering subsystems at path D:/II/HomeworkII/Homework II/Assets
GfxDevice: creating device client; threaded=0
Direct3D:
    Version:  Direct3D 11.0 [level 11.1]
    Renderer: NVIDIA GeForce GTX 1070 (ID=0x1b81)
    Vendor:   
    VRAM:     8088 MB
    Driver:   30.0.14.9676
Initialize mono
Mono path[0] = 'C:/Program Files/Unity/Hub/Editor/2020.3.10f1/Editor/Data/Managed'
Mono path[1] = 'C:/Program Files/Unity/Hub/Editor/2020.3.10f1/Editor/Data/MonoBleedingEdge/lib/mono/unityjit'
Mono config path = 'C:/Program Files/Unity/Hub/Editor/2020.3.10f1/Editor/Data/MonoBleedingEdge/etc'
Using monoOptions --debugger-agent=transport=dt_socket,embedding=1,server=y,suspend=n,address=127.0.0.1:56600
Begin MonoManager ReloadAssembly
Registering precompiled unity dll's ...
Register platform support module: C:/Program Files/Unity/Hub/Editor/2020.3.10f1/Editor/Data/PlaybackEngines/WindowsStandaloneSupport/UnityEditor.WindowsStandalone.Extensions.dll
Registered in 0.002749 seconds.
Native extension for WindowsStandalone target not found
Refreshing native plugins compatible for Editor in 29.18 ms, found 2 plugins.
Preloading 0 native plugins for Editor in 0.00 ms.
Mono: successfully reloaded assembly
- Completed reload, in  1.215 seconds
Platform modules already initialized, skipping
Registering precompiled user dll's ...
Registered in 0.003376 seconds.
Begin MonoManager ReloadAssembly
Native extension for WindowsStandalone target not found
Refreshing native plugins compatible for Editor in 0.34 ms, found 2 plugins.
Preloading 0 native plugins for Editor in 0.00 ms.
Mono: successfully reloaded assembly
- Completed reload, in  1.073 seconds
Platform modules already initialized, skipping
========================================================================
Worker process is ready to serve import requests
Launched and connected shader compiler UnityShaderCompiler.exe after 0.11 seconds
Refreshing native plugins compatible for Editor in 0.32 ms, found 2 plugins.
Preloading 0 native plugins for Editor in 0.00 ms.
Unloading 1386 Unused Serialized files (Serialized files now loaded: 0)
System memory in use before: 64.8 MB.
System memory in use after: 64.8 MB.

Unloading 19 unused Assets to reduce memory usage. Loaded Objects now: 1819.
Total: 1.788600 ms (FindLiveObjects: 0.146700 ms CreateObjectMapping: 0.043900 ms MarkObjects: 1.507500 ms  DeleteObjects: 0.089300 ms)

========================================================================
Received Import Request.
  path: Assets/Scenes
  artifactKey: Guid(f9410355e7298b84badcc22c6e287495) Importer(815301076,1909f56bfc062723c751e8b465ee728b)
Start importing Assets/Scenes using Guid(f9410355e7298b84badcc22c6e287495) Importer(815301076,1909f56bfc062723c751e8b465ee728b)  -> (artifact id: 'a9229eecd927ab2ad0b5a4225fa1a02e') in 0.009048 seconds
  Import took 0.025956 seconds .

========================================================================
Received Import Request.
  Time since last request: 0.000245 seconds.
  path: Assets/Scenes/SampleScene.unity
  artifactKey: Guid(9fc0d4010bbf28b4594072e72b8655ab) Importer(815301076,1909f56bfc062723c751e8b465ee728b)
Start importing Assets/Scenes/SampleScene.unity using Guid(9fc0d4010bbf28b4594072e72b8655ab) Importer(815301076,1909f56bfc062723c751e8b465ee728b)  -> (artifact id: '85059f4f9e1a832ed95adaa0d25c5c4c') in 0.014788 seconds
  Import took 0.017176 seconds .

========================================================================
Received Import Request.
  Time since last request: 6.038051 seconds.
  path: Assets/Scenes/Game.unity
  artifactKey: Guid(59463af6c0c1b73478c291ab96cefe32) Importer(815301076,1909f56bfc062723c751e8b465ee728b)
Start importing Assets/Scenes/Game.unity using Guid(59463af6c0c1b73478c291ab96cefe32) Importer(815301076,1909f56bfc062723c751e8b465ee728b)  -> (artifact id: 'cabb4da2868efdd83604bf7489ef89b1') in 0.009059 seconds
  Import took 0.012312 seconds .

========================================================================
Received Import Request.
  Time since last request: 0.000996 seconds.
  path: Assets/Scenes/Game.unity
  artifactKey: Guid(59463af6c0c1b73478c291ab96cefe32) Importer(815301076,1909f56bfc062723c751e8b465ee728b)
Start importing Assets/Scenes/Game.unity using Guid(59463af6c0c1b73478c291ab96cefe32) Importer(815301076,1909f56bfc062723c751e8b465ee728b)  -> (artifact id: 'cabb4da2868efdd83604bf7489ef89b1') in 0.008112 seconds
  Import took 0.013370 seconds .

========================================================================
Received Import Request.
  Time since last request: 8.932296 seconds.
  path: Assets/Scenes/SampleScene.unity
  artifactKey: Guid(9fc0d4010bbf28b4594072e72b8655ab) Importer(815301076,1909f56bfc062723c751e8b465ee728b)
Start importing Assets/Scenes/SampleScene.unity using Guid(9fc0d4010bbf28b4594072e72b8655ab) Importer(815301076,1909f56bfc062723c751e8b465ee728b)  -> (artifact id: 'baacc0ae8dabb85b723818a1a21bca85') in 0.002671 seconds
  Import took 0.007443 seconds .

========================================================================
Received Import Request.
  Time since last request: 370.659381 seconds.
  path: Assets/New Terrain.asset
  artifactKey: Guid(0022f0e9b15441a43b4806c9609884f2) Importer(815301076,1909f56bfc062723c751e8b465ee728b)
Start importing Assets/New Terrain.asset using Guid(0022f0e9b15441a43b4806c9609884f2) Importer(815301076,1909f56bfc062723c751e8b465ee728b)  -> (artifact id: '4bd40a8151e29343081f5cebc2a403c9') in 0.066992 seconds
  Import took 0.070056 seconds .

========================================================================
Received Import Request.
  Time since last request: 1.049158 seconds.
  path: Assets/ToonyTinyPeople
  artifactKey: Guid(590c606412d511c4abf5a056c5a4153c) Importer(815301076,1909f56bfc062723c751e8b465ee728b)
Start importing Assets/ToonyTinyPeople using Guid(590c606412d511c4abf5a056c5a4153c) Importer(815301076,1909f56bfc062723c751e8b465ee728b)  -> (artifact id: '24735ef9bf63d00702a3e8dfffd6d0ac') in 0.010133 seconds
  Import took 0.018091 seconds .

========================================================================
Received Import Request.
  Time since last request: 4.101741 seconds.
  path: Assets/ToonyTinyPeople/TT_RTS
  artifactKey: Guid(58efbae82567bc54bb7fe8d54cd2e500) Importer(815301076,1909f56bfc062723c751e8b465ee728b)
Start importing Assets/ToonyTinyPeople/TT_RTS using Guid(58efbae82567bc54bb7fe8d54cd2e500) Importer(815301076,1909f56bfc062723c751e8b465ee728b)  -> (artifact id: '0ca75a084058c0b009788adf9eb842a5') in 0.006152 seconds
  Import took 0.045956 seconds .

========================================================================
Received Import Request.
  Time since last request: 1.109093 seconds.
  path: Assets/ToonyTinyPeople/TT_RTS/TT_RTS_standard_demo
  artifactKey: Guid(979b55e4f75e50d4b8b73d5d2dda8ab3) Importer(815301076,1909f56bfc062723c751e8b465ee728b)
Start importing Assets/ToonyTinyPeople/TT_RTS/TT_RTS_standard_demo using Guid(979b55e4f75e50d4b8b73d5d2dda8ab3) Importer(815301076,1909f56bfc062723c751e8b465ee728b)  -> (artifact id: 'b94ee285e64a7fd2df8c570f2e759492') in 0.005769 seconds
  Import took 0.009767 seconds .

========================================================================
Received Import Request.
  Time since last request: 1.588309 seconds.
  path: Assets/ToonyTinyPeople/TT_RTS/TT_RTS_standard_demo/prefab
  artifactKey: Guid(85388b51ca13e1842879b5190d67be3e) Importer(815301076,1909f56bfc062723c751e8b465ee728b)
Start importing Assets/ToonyTinyPeople/TT_RTS/TT_RTS_standard_demo/prefab using Guid(85388b51ca13e1842879b5190d67be3e) Importer(815301076,1909f56bfc062723c751e8b465ee728b)  -> (artifact id: '1ba5384653675ee0824ab7c3369af189') in 0.007125 seconds
  Import took 0.011622 seconds .

========================================================================
Received Import Request.
  Time since last request: 0.202606 seconds.
  path: Assets/ToonyTinyPeople/TT_RTS/TT_RTS_standard_demo/prefab/TT_RTS_Demo_Character.prefab
  artifactKey: Guid(fe2a5bf9b4c2d4a4b9853a8506f18c40) Importer(815301076,1909f56bfc062723c751e8b465ee728b)
Start importing Assets/ToonyTinyPeople/TT_RTS/TT_RTS_standard_demo/prefab/TT_RTS_Demo_Character.prefab using Guid(fe2a5bf9b4c2d4a4b9853a8506f18c40) Importer(815301076,1909f56bfc062723c751e8b465ee728b)  -> (artifact id: '5dff167cc782cad8edc50fdd87bea1fb') in 0.228727 seconds
  Import took 0.231985 seconds .

========================================================================
Received Import Request.
  Time since last request: 7.118191 seconds.
  path: Assets/ToonyTinyPeople/TT_RTS/TT_RTS_standard_demo/models
  artifactKey: Guid(9ec0f10546579414aaadf2cf28df0d8c) Importer(815301076,1909f56bfc062723c751e8b465ee728b)
Start importing Assets/ToonyTinyPeople/TT_RTS/TT_RTS_standard_demo/models using Guid(9ec0f10546579414aaadf2cf28df0d8c) Importer(815301076,1909f56bfc062723c751e8b465ee728b)  -> (artifact id: 'cc96a4d3d491f5a75c860ab71748fd9f') in 0.005416 seconds
  Import took 0.012576 seconds .

========================================================================
Received Import Request.
  Time since last request: 0.546836 seconds.
  path: Assets/ToonyTinyPeople/TT_RTS/TT_RTS_standard_demo/models/TT_RTS_Demo_Character.FBX
  artifactKey: Guid(555dddb0fd62c1a4a8a87449606cff55) Importer(815301076,1909f56bfc062723c751e8b465ee728b)
Start importing Assets/ToonyTinyPeople/TT_RTS/TT_RTS_standard_demo/models/TT_RTS_Demo_Character.FBX using Guid(555dddb0fd62c1a4a8a87449606cff55) Importer(815301076,1909f56bfc062723c751e8b465ee728b)  -> (artifact id: '8f87cc3c14a1fe005788463842d0289c') in 0.341032 seconds
  Import took 0.389515 seconds .

========================================================================
Received Import Request.
  Time since last request: 0.808566 seconds.
  path: Assets/ToonyTinyPeople/TT_RTS/TT_RTS_standard_demo/models/Materials
  artifactKey: Guid(3762090b58a8ce449a1b8de593e8214b) Importer(815301076,1909f56bfc062723c751e8b465ee728b)
Start importing Assets/ToonyTinyPeople/TT_RTS/TT_RTS_standard_demo/models/Materials using Guid(3762090b58a8ce449a1b8de593e8214b) Importer(815301076,1909f56bfc062723c751e8b465ee728b)  -> (artifact id: '61f603e500f1671dee4eaa96a23112d3') in 0.006560 seconds
  Import took 0.009792 seconds .

========================================================================
Received Import Request.
  Time since last request: 0.098287 seconds.
  path: Assets/ToonyTinyPeople/TT_RTS/TT_RTS_standard_demo/models/Materials/TT_RTS_Units.mat
  artifactKey: Guid(3294e93619ef21548b5276a6fd7c5ad9) Importer(815301076,1909f56bfc062723c751e8b465ee728b)
Start importing Assets/ToonyTinyPeople/TT_RTS/TT_RTS_standard_demo/models/Materials/TT_RTS_Units.mat using Guid(3294e93619ef21548b5276a6fd7c5ad9) Importer(815301076,1909f56bfc062723c751e8b465ee728b)  -> (artifact id: '380579c7cb724a3bf879af533580a29c') in 0.073390 seconds
  Import took 0.076984 seconds .

========================================================================
Received Import Request.
  Time since last request: 0.000168 seconds.
  path: Assets/ToonyTinyPeople/TT_RTS/TT_RTS_standard_demo/models/Materials/TT_RTS_Units_blue.tga
  artifactKey: Guid(9d5c57e3f17af5b44bd6441ead7a15a8) Importer(815301076,1909f56bfc062723c751e8b465ee728b)
Start importing Assets/ToonyTinyPeople/TT_RTS/TT_RTS_standard_demo/models/Materials/TT_RTS_Units_blue.tga using Guid(9d5c57e3f17af5b44bd6441ead7a15a8) Importer(815301076,1909f56bfc062723c751e8b465ee728b)  -> (artifact id: 'f8a6ea4b3ec035f683135098b767c91b') in 0.052071 seconds
  Import took 0.054257 seconds .

========================================================================
Received Import Request.
  Time since last request: 1.909622 seconds.
  path: Assets/ToonyTinyPeople/TT_RTS/TT_RTS_standard_demo/sample_scene
  artifactKey: Guid(9cce9547a8455b840a4b8e22c320f7f5) Importer(815301076,1909f56bfc062723c751e8b465ee728b)
Start importing Assets/ToonyTinyPeople/TT_RTS/TT_RTS_standard_demo/sample_scene using Guid(9cce9547a8455b840a4b8e22c320f7f5) Importer(815301076,1909f56bfc062723c751e8b465ee728b)  -> (artifact id: '8e33bf7214139c2b76e77a876605410a') in 0.006957 seconds
  Import took 0.009302 seconds .

========================================================================
Received Import Request.
  Time since last request: 0.061497 seconds.
  path: Assets/ToonyTinyPeople/TT_RTS/TT_RTS_standard_demo/sample_scene/ground_mat.mat
  artifactKey: Guid(5a7741a3079afef4bbb48319b8b5d74d) Importer(815301076,1909f56bfc062723c751e8b465ee728b)
Start importing Assets/ToonyTinyPeople/TT_RTS/TT_RTS_standard_demo/sample_scene/ground_mat.mat using Guid(5a7741a3079afef4bbb48319b8b5d74d) Importer(815301076,1909f56bfc062723c751e8b465ee728b)  -> (artifact id: 'bb9fea791bae2afd93b2e0a97d650d43') in 0.011662 seconds
  Import took 0.014109 seconds .

========================================================================
Received Import Request.
  Time since last request: 0.000170 seconds.
  path: Assets/ToonyTinyPeople/TT_RTS/TT_RTS_standard_demo/sample_scene/quad.tga
  artifactKey: Guid(8d176b6f756339a469dbe719267d4df8) Importer(815301076,1909f56bfc062723c751e8b465ee728b)
Start importing Assets/ToonyTinyPeople/TT_RTS/TT_RTS_standard_demo/sample_scene/quad.tga using Guid(8d176b6f756339a469dbe719267d4df8) Importer(815301076,1909f56bfc062723c751e8b465ee728b)  -> (artifact id: '3eb5c059606eb337370d0daf9198d722') in 0.020025 seconds
  Import took 0.022557 seconds .

========================================================================
Received Import Request.
  Time since last request: 1.910134 seconds.
  path: Assets/ToonyTinyPeople/TT_RTS/TT_RTS_standard_demo/sample_scene/TT_RTS_demo_sample_scene.unity
  artifactKey: Guid(f8a018ba0df906c4d91b93f1892f367f) Importer(815301076,1909f56bfc062723c751e8b465ee728b)
Start importing Assets/ToonyTinyPeople/TT_RTS/TT_RTS_standard_demo/sample_scene/TT_RTS_demo_sample_scene.unity using Guid(f8a018ba0df906c4d91b93f1892f367f) Importer(815301076,1909f56bfc062723c751e8b465ee728b)  -> (artifact id: '79fe59a1404026c1bac344808222d3b6') in 0.008113 seconds
  Import took 0.010878 seconds .

========================================================================
Received Import Request.
  Time since last request: 2.622768 seconds.
  path: Assets/ToonyTinyPeople/TT_RTS/TT_RTS_standard_demo/animations
  artifactKey: Guid(4f3d139e21d583e48a700d9ab99e848f) Importer(815301076,1909f56bfc062723c751e8b465ee728b)
Start importing Assets/ToonyTinyPeople/TT_RTS/TT_RTS_standard_demo/animations using Guid(4f3d139e21d583e48a700d9ab99e848f) Importer(815301076,1909f56bfc062723c751e8b465ee728b)  -> (artifact id: '4df7bb75b161a99476ae9a5a45564f66') in 0.007334 seconds
  Import took 0.010300 seconds .

========================================================================
Received Import Request.
  Time since last request: 0.068602 seconds.
  path: Assets/ToonyTinyPeople/TT_RTS/TT_RTS_standard_demo/animations/infantry_01_idle.FBX
  artifactKey: Guid(8e04b4eaa3d99434b97190cb68f0f3bf) Importer(815301076,1909f56bfc062723c751e8b465ee728b)
Start importing Assets/ToonyTinyPeople/TT_RTS/TT_RTS_standard_demo/animations/infantry_01_idle.FBX using Guid(8e04b4eaa3d99434b97190cb68f0f3bf) Importer(815301076,1909f56bfc062723c751e8b465ee728b)  -> (artifact id: 'b482bab83d12b3cae0866705a8aab827') in 0.008604 seconds
  Import took 0.011654 seconds .

========================================================================
Received Import Request.
  Time since last request: 0.000251 seconds.
  path: Assets/ToonyTinyPeople/TT_RTS/TT_RTS_standard_demo/animations/infantry_04_attack_A.FBX
  artifactKey: Guid(713b1e69f38310048ad50131a6cf45fc) Importer(815301076,1909f56bfc062723c751e8b465ee728b)
Start importing Assets/ToonyTinyPeople/TT_RTS/TT_RTS_standard_demo/animations/infantry_04_attack_A.FBX using Guid(713b1e69f38310048ad50131a6cf45fc) Importer(815301076,1909f56bfc062723c751e8b465ee728b)  -> (artifact id: 'cf1bae3f7380ddb08eb6c1fcf3c53d46') in 0.010268 seconds
  Import took 0.012553 seconds .

========================================================================
Received Import Request.
  Time since last request: 0.000056 seconds.
  path: Assets/ToonyTinyPeople/TT_RTS/TT_RTS_standard_demo/animations/infantry_03_run_rm.FBX
  artifactKey: Guid(c0d72c4063fd5f945a10cc2cad0905d9) Importer(815301076,1909f56bfc062723c751e8b465ee728b)
Start importing Assets/ToonyTinyPeople/TT_RTS/TT_RTS_standard_demo/animations/infantry_03_run_rm.FBX using Guid(c0d72c4063fd5f945a10cc2cad0905d9) Importer(815301076,1909f56bfc062723c751e8b465ee728b)  -> (artifact id: '06a36607486fe0bc1639bff839050eef') in 0.014260 seconds
  Import took 0.030139 seconds .

========================================================================
Received Import Request.
  Time since last request: 0.000177 seconds.
  path: Assets/ToonyTinyPeople/TT_RTS/TT_RTS_standard_demo/animations/infantry_03_run.FBX
  artifactKey: Guid(5f012bc0155eb0d4082479ce0d176019) Importer(815301076,1909f56bfc062723c751e8b465ee728b)
Start importing Assets/ToonyTinyPeople/TT_RTS/TT_RTS_standard_demo/animations/infantry_03_run.FBX using Guid(5f012bc0155eb0d4082479ce0d176019) Importer(815301076,1909f56bfc062723c751e8b465ee728b)  -> (artifact id: 'ab9ca620e56eb5b56c18b58e17427abc') in 0.015741 seconds
  Import took 0.018331 seconds .

========================================================================
Received Import Request.
  Time since last request: 530.406099 seconds.
  path: Assets
  artifactKey: Guid(00000000000000001000000000000000) Importer(815301076,1909f56bfc062723c751e8b465ee728b)
Start importing Assets using Guid(00000000000000001000000000000000) Importer(815301076,1909f56bfc062723c751e8b465ee728b)  -> (artifact id: '42d402b061de3733987d63b9cc3b64de') in 0.017146 seconds
  Import took 0.069081 seconds .

========================================================================
Received Import Request.
  Time since last request: 33.707482 seconds.
  path: Assets/AI.cs
  artifactKey: Guid(251e4d35ca0687144b012b31b229ef8d) Importer(815301076,1909f56bfc062723c751e8b465ee728b)
Start importing Assets/AI.cs using Guid(251e4d35ca0687144b012b31b229ef8d) Importer(815301076,1909f56bfc062723c751e8b465ee728b)  -> (artifact id: 'b41daa81183cdcdb6a2daafe56b9214d') in 0.201684 seconds
  Import took 0.228475 seconds .

========================================================================
Received Prepare
Registering precompiled user dll's ...
Registered in 0.006016 seconds.
Begin MonoManager ReloadAssembly
Native extension for WindowsStandalone target not found
Refreshing native plugins compatible for Editor in 0.42 ms, found 2 plugins.
Preloading 0 native plugins for Editor in 0.00 ms.
Mono: successfully reloaded assembly
- Completed reload, in  1.541 seconds
Platform modules already initialized, skipping
Refreshing native plugins compatible for Editor in 0.30 ms, found 2 plugins.
Preloading 0 native plugins for Editor in 0.00 ms.
Unloading 1382 Unused Serialized files (Serialized files now loaded: 0)
System memory in use before: 83.0 MB.
System memory in use after: 82.5 MB.

Unloading 16 unused Assets to reduce memory usage. Loaded Objects now: 1870.
Total: 2.296500 ms (FindLiveObjects: 0.141400 ms CreateObjectMapping: 0.043300 ms MarkObjects: 1.733200 ms  DeleteObjects: 0.377400 ms)

========================================================================
Received Import Request.
  Time since last request: 3736.137118 seconds.
  path: Assets/Scenes/Game/NavMesh.asset
  artifactKey: Guid(6f244d0f2ff442e49aeb75a5815a7357) Importer(815301076,1909f56bfc062723c751e8b465ee728b)
Start importing Assets/Scenes/Game/NavMesh.asset using Guid(6f244d0f2ff442e49aeb75a5815a7357) Importer(815301076,1909f56bfc062723c751e8b465ee728b)  -> (artifact id: 'b0ae16031521953c2acd0d419ee6050c') in 0.159287 seconds
  Import took 0.477807 seconds .

========================================================================
Received Import Request.
  Time since last request: 862.755551 seconds.
  path: Assets/AI.cs
  artifactKey: Guid(251e4d35ca0687144b012b31b229ef8d) Importer(815301076,1909f56bfc062723c751e8b465ee728b)
Start importing Assets/AI.cs using Guid(251e4d35ca0687144b012b31b229ef8d) Importer(815301076,1909f56bfc062723c751e8b465ee728b)  -> (artifact id: '70bb85a8f5990b895189218b447b4ef1') in 0.011820 seconds
  Import took 0.027945 seconds .

========================================================================
Received Prepare
Registering precompiled user dll's ...
Registered in 0.004421 seconds.
Begin MonoManager ReloadAssembly
Native extension for WindowsStandalone target not found
Refreshing native plugins compatible for Editor in 0.60 ms, found 2 plugins.
Preloading 0 native plugins for Editor in 0.00 ms.
Mono: successfully reloaded assembly
- Completed reload, in  1.250 seconds
Platform modules already initialized, skipping
Refreshing native plugins compatible for Editor in 0.30 ms, found 2 plugins.
Preloading 0 native plugins for Editor in 0.00 ms.
Unloading 1382 Unused Serialized files (Serialized files now loaded: 0)
System memory in use before: 82.5 MB.
System memory in use after: 82.6 MB.

Unloading 14 unused Assets to reduce memory usage. Loaded Objects now: 1873.
Total: 2.180100 ms (FindLiveObjects: 0.193700 ms CreateObjectMapping: 0.059400 ms MarkObjects: 1.846900 ms  DeleteObjects: 0.078300 ms)

========================================================================
Received Import Request.
  Time since last request: 24.362084 seconds.
  path: Assets/AI.cs
  artifactKey: Guid(251e4d35ca0687144b012b31b229ef8d) Importer(815301076,1909f56bfc062723c751e8b465ee728b)
Start importing Assets/AI.cs using Guid(251e4d35ca0687144b012b31b229ef8d) Importer(815301076,1909f56bfc062723c751e8b465ee728b)  -> (artifact id: 'fcfc33f84bf482dd79430892d194fc5e') in 0.005050 seconds
  Import took 0.007397 seconds .

========================================================================
Received Prepare
Registering precompiled user dll's ...
Registered in 0.003461 seconds.
Begin MonoManager ReloadAssembly
Native extension for WindowsStandalone target not found
Refreshing native plugins compatible for Editor in 0.30 ms, found 2 plugins.
Preloading 0 native plugins for Editor in 0.00 ms.
Mono: successfully reloaded assembly
- Completed reload, in  1.070 seconds
Platform modules already initialized, skipping
Refreshing native plugins compatible for Editor in 0.30 ms, found 2 plugins.
Preloading 0 native plugins for Editor in 0.00 ms.
Unloading 1382 Unused Serialized files (Serialized files now loaded: 0)
System memory in use before: 82.5 MB.
System memory in use after: 82.6 MB.

Unloading 14 unused Assets to reduce memory usage. Loaded Objects now: 1876.
Total: 1.833600 ms (FindLiveObjects: 0.157700 ms CreateObjectMapping: 0.050700 ms MarkObjects: 1.564800 ms  DeleteObjects: 0.059200 ms)

========================================================================
Received Import Request.
  Time since last request: 1471.136194 seconds.
  path: Assets/New Terrain.asset
  artifactKey: Guid(0022f0e9b15441a43b4806c9609884f2) Importer(815301076,1909f56bfc062723c751e8b465ee728b)
Start importing Assets/New Terrain.asset using Guid(0022f0e9b15441a43b4806c9609884f2) Importer(815301076,1909f56bfc062723c751e8b465ee728b)  -> (artifact id: 'f583729fc5d90dacae7b377ca2cbff2f') in 0.068955 seconds
  Import took 0.139111 seconds .

========================================================================
Received Import Request.
  Time since last request: 103.914919 seconds.
  path: Assets/Mini Legion Rock Golem PBR HP Polyart
  artifactKey: Guid(ccefb3d1db659694f8134a0cfa836193) Importer(815301076,1909f56bfc062723c751e8b465ee728b)
Start importing Assets/Mini Legion Rock Golem PBR HP Polyart using Guid(ccefb3d1db659694f8134a0cfa836193) Importer(815301076,1909f56bfc062723c751e8b465ee728b)  -> (artifact id: 'b0f98a53ea3f561a544e0b91356d4d79') in 0.012539 seconds
  Import took 0.019854 seconds .

========================================================================
Received Import Request.
  Time since last request: 3.280515 seconds.
  path: Assets/Mini Legion Rock Golem PBR HP Polyart/Prefabs
  artifactKey: Guid(12411cabe7e49bf418c82f42f2f9f75a) Importer(815301076,1909f56bfc062723c751e8b465ee728b)
Start importing Assets/Mini Legion Rock Golem PBR HP Polyart/Prefabs using Guid(12411cabe7e49bf418c82f42f2f9f75a) Importer(815301076,1909f56bfc062723c751e8b465ee728b)  -> (artifact id: 'ef3db0212db7feb0af28d16ff66353b5') in 0.008306 seconds
  Import took 0.012233 seconds .

========================================================================
Received Import Request.
  Time since last request: 0.506776 seconds.
  path: Assets/Mini Legion Rock Golem PBR HP Polyart/Prefabs/HP_Golem.prefab
  artifactKey: Guid(c9bc790a133e19c40b64d6db4cfb7a22) Importer(815301076,1909f56bfc062723c751e8b465ee728b)
Start importing Assets/Mini Legion Rock Golem PBR HP Polyart/Prefabs/HP_Golem.prefab using Guid(c9bc790a133e19c40b64d6db4cfb7a22) Importer(815301076,1909f56bfc062723c751e8b465ee728b)  -> (artifact id: 'dee6e315c10191459c368b157a41005c') in 0.694916 seconds
  Import took 0.698350 seconds .

========================================================================
Received Import Request.
  Time since last request: 0.000229 seconds.
  path: Assets/Mini Legion Rock Golem PBR HP Polyart/Prefabs/Polyart_Rock.prefab
  artifactKey: Guid(cad9f745870d9f448bf225d2a253d382) Importer(815301076,1909f56bfc062723c751e8b465ee728b)
Start importing Assets/Mini Legion Rock Golem PBR HP Polyart/Prefabs/Polyart_Rock.prefab using Guid(cad9f745870d9f448bf225d2a253d382) Importer(815301076,1909f56bfc062723c751e8b465ee728b)  -> (artifact id: '115fb13c96c6d74e2ef6fda8e5824ace') in 0.036392 seconds
  Import took 0.088033 seconds .

========================================================================
Received Import Request.
  Time since last request: 0.000159 seconds.
  path: Assets/Mini Legion Rock Golem PBR HP Polyart/Prefabs/PBR_Rock.prefab
  artifactKey: Guid(71497ec4178769a4c8cdb38563f01fc0) Importer(815301076,1909f56bfc062723c751e8b465ee728b)
Start importing Assets/Mini Legion Rock Golem PBR HP Polyart/Prefabs/PBR_Rock.prefab using Guid(71497ec4178769a4c8cdb38563f01fc0) Importer(815301076,1909f56bfc062723c751e8b465ee728b)  -> (artifact id: '7b55e4f00e19602207fabb430a5b22cb') in 0.087660 seconds
  Import took 0.092411 seconds .

========================================================================
Received Import Request.
  Time since last request: 0.000183 seconds.
  path: Assets/Mini Legion Rock Golem PBR HP Polyart/Prefabs/HP_Rock.prefab
  artifactKey: Guid(4bf449b1b6e781140a548b42020600f6) Importer(815301076,1909f56bfc062723c751e8b465ee728b)
Start importing Assets/Mini Legion Rock Golem PBR HP Polyart/Prefabs/HP_Rock.prefab using Guid(4bf449b1b6e781140a548b42020600f6) Importer(815301076,1909f56bfc062723c751e8b465ee728b)  -> (artifact id: '1845d678c5ba0edc5e2d50146517d148') in 0.035295 seconds
  Import took 0.038537 seconds .

========================================================================
Received Import Request.
  Time since last request: 0.000055 seconds.
  path: Assets/Mini Legion Rock Golem PBR HP Polyart/Prefabs/Polyart_Golem.prefab
  artifactKey: Guid(c6cfc32748fb5004aa11a1be074b5c58) Importer(815301076,1909f56bfc062723c751e8b465ee728b)
Start importing Assets/Mini Legion Rock Golem PBR HP Polyart/Prefabs/Polyart_Golem.prefab using Guid(c6cfc32748fb5004aa11a1be074b5c58) Importer(815301076,1909f56bfc062723c751e8b465ee728b)  -> (artifact id: 'ab3ab961f1fb08abbfcb388c9767c56d') in 0.167078 seconds
  Import took 0.171807 seconds .

========================================================================
Received Import Request.
  Time since last request: 0.000167 seconds.
  path: Assets/Mini Legion Rock Golem PBR HP Polyart/Prefabs/HP_Rock.prefab
  artifactKey: Guid(4bf449b1b6e781140a548b42020600f6) Importer(815301076,1909f56bfc062723c751e8b465ee728b)
Start importing Assets/Mini Legion Rock Golem PBR HP Polyart/Prefabs/HP_Rock.prefab using Guid(4bf449b1b6e781140a548b42020600f6) Importer(815301076,1909f56bfc062723c751e8b465ee728b)  -> (artifact id: '1845d678c5ba0edc5e2d50146517d148') in 0.031885 seconds
  Import took 0.039038 seconds .

========================================================================
Received Import Request.
  Time since last request: 0.000215 seconds.
  path: Assets/Mini Legion Rock Golem PBR HP Polyart/Prefabs/PBR_Golem.prefab
  artifactKey: Guid(6bbfea6690ef7724ba495c866081f855) Importer(815301076,1909f56bfc062723c751e8b465ee728b)
Start importing Assets/Mini Legion Rock Golem PBR HP Polyart/Prefabs/PBR_Golem.prefab using Guid(6bbfea6690ef7724ba495c866081f855) Importer(815301076,1909f56bfc062723c751e8b465ee728b)  -> (artifact id: '75f37901af85053d263cd16a91aca22c') in 0.325040 seconds
  Import took 0.329441 seconds .

========================================================================
Received Prepare
Registering precompiled user dll's ...
Registered in 0.003185 seconds.
Begin MonoManager ReloadAssembly
Native extension for WindowsStandalone target not found
Refreshing native plugins compatible for Editor in 0.30 ms, found 2 plugins.
Preloading 0 native plugins for Editor in 0.00 ms.
Mono: successfully reloaded assembly
- Completed reload, in  1.244 seconds
Platform modules already initialized, skipping
Refreshing native plugins compatible for Editor in 0.29 ms, found 2 plugins.
Preloading 0 native plugins for Editor in 0.00 ms.
Unloading 1383 Unused Serialized files (Serialized files now loaded: 0)
System memory in use before: 83.5 MB.
System memory in use after: 83.0 MB.

Unloading 16 unused Assets to reduce memory usage. Loaded Objects now: 1882.
Total: 2.339700 ms (FindLiveObjects: 0.148800 ms CreateObjectMapping: 0.045900 ms MarkObjects: 1.718900 ms  DeleteObjects: 0.424800 ms)

========================================================================
Received Import Request.
  Time since last request: 85.596367 seconds.
  path: Assets/NewBehaviourScript.cs
  artifactKey: Guid(a6e702818955b2745a7c2b3e10560d52) Importer(815301076,1909f56bfc062723c751e8b465ee728b)
Start importing Assets/NewBehaviourScript.cs using Guid(a6e702818955b2745a7c2b3e10560d52) Importer(815301076,1909f56bfc062723c751e8b465ee728b)  -> (artifact id: '44c59984e76bdc1e23d5f049240f9c06') in 0.008225 seconds
  Import took 0.010754 seconds .

========================================================================
Received Prepare
Registering precompiled user dll's ...
Registered in 0.003340 seconds.
Begin MonoManager ReloadAssembly
Native extension for WindowsStandalone target not found
Refreshing native plugins compatible for Editor in 0.32 ms, found 2 plugins.
Preloading 0 native plugins for Editor in 0.00 ms.
Mono: successfully reloaded assembly
- Completed reload, in  1.495 seconds
Platform modules already initialized, skipping
Refreshing native plugins compatible for Editor in 0.31 ms, found 2 plugins.
Preloading 0 native plugins for Editor in 0.00 ms.
Unloading 1383 Unused Serialized files (Serialized files now loaded: 0)
System memory in use before: 83.0 MB.
System memory in use after: 83.0 MB.

Unloading 14 unused Assets to reduce memory usage. Loaded Objects now: 1885.
Total: 2.439700 ms (FindLiveObjects: 0.149900 ms CreateObjectMapping: 0.045800 ms MarkObjects: 2.186100 ms  DeleteObjects: 0.056600 ms)

========================================================================
Received Import Request.
  Time since last request: 34.093204 seconds.
  path: Assets/NewBehaviourScript.cs
  artifactKey: Guid(a6e702818955b2745a7c2b3e10560d52) Importer(815301076,1909f56bfc062723c751e8b465ee728b)
Start importing Assets/NewBehaviourScript.cs using Guid(a6e702818955b2745a7c2b3e10560d52) Importer(815301076,1909f56bfc062723c751e8b465ee728b)  -> (artifact id: '575d040769a0b2f4de974e2155c5f4d4') in 0.004363 seconds
  Import took 0.006696 seconds .

========================================================================
Received Import Request.
  Time since last request: 89.153939 seconds.
  path: Assets/Mini Legion Rock Golem PBR HP Polyart/Meshes/Golem.fbx
  artifactKey: Guid(8b2d11d64877f0b4cad5d45ec7d53473) Importer(815301076,1909f56bfc062723c751e8b465ee728b)
Start importing Assets/Mini Legion Rock Golem PBR HP Polyart/Meshes/Golem.fbx using Guid(8b2d11d64877f0b4cad5d45ec7d53473) Importer(815301076,1909f56bfc062723c751e8b465ee728b)  -> (artifact id: '4866d0c7d41d835a6d8f66ab5e70f705') in 0.172228 seconds
  Import took 0.181798 seconds .

========================================================================
Received Import Request.
  Time since last request: 0.000048 seconds.
  path: Assets/Mini Legion Rock Golem PBR HP Polyart/Meshes/Rock.fbx
  artifactKey: Guid(95965ef6457481f488a1ab90243909eb) Importer(815301076,1909f56bfc062723c751e8b465ee728b)
Start importing Assets/Mini Legion Rock Golem PBR HP Polyart/Meshes/Rock.fbx using Guid(95965ef6457481f488a1ab90243909eb) Importer(815301076,1909f56bfc062723c751e8b465ee728b)  -> (artifact id: 'f52e177e57e9d89fcfbbab543a66dee4') in 0.039580 seconds
  Import took 0.044789 seconds .

========================================================================
Received Import Request.
  Time since last request: 0.000205 seconds.
  path: Assets/Mini Legion Rock Golem PBR HP Polyart/Meshes/Stage.fbx
  artifactKey: Guid(e8d09b1987e63e343a917db8d5c1adac) Importer(815301076,1909f56bfc062723c751e8b465ee728b)
Start importing Assets/Mini Legion Rock Golem PBR HP Polyart/Meshes/Stage.fbx using Guid(e8d09b1987e63e343a917db8d5c1adac) Importer(815301076,1909f56bfc062723c751e8b465ee728b)  -> (artifact id: 'bf45d5242f2434e62c893b133420eb75') in 0.298159 seconds
  Import took 0.301490 seconds .

========================================================================
Received Import Request.
  Time since last request: 0.000192 seconds.
  path: Assets/Mini Legion Rock Golem PBR HP Polyart/Meshes/Golem.fbx
  artifactKey: Guid(8b2d11d64877f0b4cad5d45ec7d53473) Importer(815301076,1909f56bfc062723c751e8b465ee728b)
Start importing Assets/Mini Legion Rock Golem PBR HP Polyart/Meshes/Golem.fbx using Guid(8b2d11d64877f0b4cad5d45ec7d53473) Importer(815301076,1909f56bfc062723c751e8b465ee728b)  -> (artifact id: '4866d0c7d41d835a6d8f66ab5e70f705') in 0.047361 seconds
  Import took 0.049726 seconds .

========================================================================
Received Import Request.
  Time since last request: 0.000173 seconds.
  path: Assets/Mini Legion Rock Golem PBR HP Polyart/Meshes/RockMesh.fbx
  artifactKey: Guid(61d36fd741d737440a1141db2542d983) Importer(815301076,1909f56bfc062723c751e8b465ee728b)
Start importing Assets/Mini Legion Rock Golem PBR HP Polyart/Meshes/RockMesh.fbx using Guid(61d36fd741d737440a1141db2542d983) Importer(815301076,1909f56bfc062723c751e8b465ee728b)  -> (artifact id: '03ae5e2ba9953784b2244e408ba265f2') in 0.074653 seconds
  Import took 0.079942 seconds .

========================================================================
Received Import Request.
  Time since last request: 0.000200 seconds.
  path: Assets/Mini Legion Rock Golem PBR HP Polyart/Meshes/GolemPolyart.fbx
  artifactKey: Guid(0f2c5202b918687408ac5bc7429a03ea) Importer(815301076,1909f56bfc062723c751e8b465ee728b)
Start importing Assets/Mini Legion Rock Golem PBR HP Polyart/Meshes/GolemPolyart.fbx using Guid(0f2c5202b918687408ac5bc7429a03ea) Importer(815301076,1909f56bfc062723c751e8b465ee728b)  -> (artifact id: '9a0a6168dd412b9622ec43ff96b3252c') in 0.048178 seconds
  Import took 0.063117 seconds .

========================================================================
Received Import Request.
  Time since last request: 0.003396 seconds.
  path: Assets/Mini Legion Rock Golem PBR HP Polyart/Meshes/GolemPolyart.fbx
  artifactKey: Guid(0f2c5202b918687408ac5bc7429a03ea) Importer(815301076,1909f56bfc062723c751e8b465ee728b)
Start importing Assets/Mini Legion Rock Golem PBR HP Polyart/Meshes/GolemPolyart.fbx using Guid(0f2c5202b918687408ac5bc7429a03ea) Importer(815301076,1909f56bfc062723c751e8b465ee728b)  -> (artifact id: '9a0a6168dd412b9622ec43ff96b3252c') in 0.048051 seconds
  Import took 0.051659 seconds .

========================================================================
Received Import Request.
  Time since last request: 4.625943 seconds.
  path: Assets/Mini Legion Rock Golem PBR HP Polyart/Animations/FreeGolem.controller
  artifactKey: Guid(64e2ef14a02f69a4b94edbee54ca296a) Importer(815301076,1909f56bfc062723c751e8b465ee728b)
Start importing Assets/Mini Legion Rock Golem PBR HP Polyart/Animations/FreeGolem.controller using Guid(64e2ef14a02f69a4b94edbee54ca296a) Importer(815301076,1909f56bfc062723c751e8b465ee728b)  -> (artifact id: '8c509056fa580eb2b9182289bd2e30a5') in 0.240552 seconds
  Import took 0.248112 seconds .

========================================================================
Received Import Request.
  Time since last request: 28.153080 seconds.
  path: Assets/Mini Legion Rock Golem PBR HP Polyart/Animations/Attack01.anim
  artifactKey: Guid(4ae4bd8ed0b912b4c9d89fbbc0b41fe1) Importer(815301076,1909f56bfc062723c751e8b465ee728b)
Start importing Assets/Mini Legion Rock Golem PBR HP Polyart/Animations/Attack01.anim using Guid(4ae4bd8ed0b912b4c9d89fbbc0b41fe1) Importer(815301076,1909f56bfc062723c751e8b465ee728b)  -> (artifact id: '8bc55eb69a5dbf39032cf31b27589b80') in 0.052663 seconds
  Import took 0.057925 seconds .

========================================================================
Received Import Request.
  Time since last request: 0.011248 seconds.
  path: Assets/Mini Legion Rock Golem PBR HP Polyart/Animations/Attack01.anim
  artifactKey: Guid(4ae4bd8ed0b912b4c9d89fbbc0b41fe1) Importer(815301076,1909f56bfc062723c751e8b465ee728b)
Start importing Assets/Mini Legion Rock Golem PBR HP Polyart/Animations/Attack01.anim using Guid(4ae4bd8ed0b912b4c9d89fbbc0b41fe1) Importer(815301076,1909f56bfc062723c751e8b465ee728b)  -> (artifact id: '8bc55eb69a5dbf39032cf31b27589b80') in 0.037298 seconds
  Import took 0.040980 seconds .

========================================================================
Received Import Request.
  Time since last request: 21.396786 seconds.
  path: Assets/Mini Legion Rock Golem PBR HP Polyart/Animations/Walk.anim
  artifactKey: Guid(55033e9d49b386b4eade59453a1d2618) Importer(815301076,1909f56bfc062723c751e8b465ee728b)
Start importing Assets/Mini Legion Rock Golem PBR HP Polyart/Animations/Walk.anim using Guid(55033e9d49b386b4eade59453a1d2618) Importer(815301076,1909f56bfc062723c751e8b465ee728b)  -> (artifact id: 'c19177d419c9d52520ac3608057c1b5d') in 0.035019 seconds
  Import took 0.037886 seconds .

========================================================================
Received Prepare
Registering precompiled user dll's ...
Registered in 0.003063 seconds.
Begin MonoManager ReloadAssembly
Native extension for WindowsStandalone target not found
Refreshing native plugins compatible for Editor in 0.32 ms, found 2 plugins.
Preloading 0 native plugins for Editor in 0.00 ms.
Mono: successfully reloaded assembly
- Completed reload, in  1.290 seconds
Platform modules already initialized, skipping
Refreshing native plugins compatible for Editor in 0.33 ms, found 2 plugins.
Preloading 0 native plugins for Editor in 0.00 ms.
Unloading 1383 Unused Serialized files (Serialized files now loaded: 0)
System memory in use before: 83.1 MB.
System memory in use after: 83.2 MB.

Unloading 15 unused Assets to reduce memory usage. Loaded Objects now: 1889.
Total: 3.300300 ms (FindLiveObjects: 0.176100 ms CreateObjectMapping: 0.119300 ms MarkObjects: 2.935700 ms  DeleteObjects: 0.068000 ms)

========================================================================
Received Prepare
Registering precompiled user dll's ...
Registered in 0.004690 seconds.
Begin MonoManager ReloadAssembly
Native extension for WindowsStandalone target not found
Refreshing native plugins compatible for Editor in 0.30 ms, found 2 plugins.
Preloading 0 native plugins for Editor in 0.00 ms.
Mono: successfully reloaded assembly
- Completed reload, in  1.203 seconds
Platform modules already initialized, skipping
Refreshing native plugins compatible for Editor in 0.29 ms, found 2 plugins.
Preloading 0 native plugins for Editor in 0.00 ms.
Unloading 1383 Unused Serialized files (Serialized files now loaded: 0)
System memory in use before: 83.1 MB.
System memory in use after: 83.2 MB.

Unloading 14 unused Assets to reduce memory usage. Loaded Objects now: 1892.
Total: 1.940100 ms (FindLiveObjects: 0.146000 ms CreateObjectMapping: 0.042100 ms MarkObjects: 1.691000 ms  DeleteObjects: 0.059900 ms)

========================================================================
Received Import Request.
  Time since last request: 848.577605 seconds.
  path: Assets/Mini Legion Rock Golem PBR HP Polyart/Animations/Attack02.anim
  artifactKey: Guid(280edba104811d04a99462046f909840) Importer(815301076,1909f56bfc062723c751e8b465ee728b)
Start importing Assets/Mini Legion Rock Golem PBR HP Polyart/Animations/Attack02.anim using Guid(280edba104811d04a99462046f909840) Importer(815301076,1909f56bfc062723c751e8b465ee728b)  -> (artifact id: '7ad25325440a2b9f79397b5faa4267b8') in 0.052916 seconds
  Import took 0.055612 seconds .

========================================================================
Received Import Request.
  Time since last request: 88.082019 seconds.
  path: Assets/Mini Legion Rock Golem PBR HP Polyart/Animations/GetHit.anim
  artifactKey: Guid(09b34adea1295fb41a3122da43f2fa3d) Importer(815301076,1909f56bfc062723c751e8b465ee728b)
Start importing Assets/Mini Legion Rock Golem PBR HP Polyart/Animations/GetHit.anim using Guid(09b34adea1295fb41a3122da43f2fa3d) Importer(815301076,1909f56bfc062723c751e8b465ee728b)  -> (artifact id: '05288c38f84dc049a511c327b7623d46') in 0.028962 seconds
  Import took 0.071451 seconds .

========================================================================
Received Import Request.
  Time since last request: 1.841172 seconds.
  path: Assets/Mini Legion Rock Golem PBR HP Polyart/Animations/Die.anim
  artifactKey: Guid(d3aad3207f5c7984a878d6d3e713003f) Importer(815301076,1909f56bfc062723c751e8b465ee728b)
Start importing Assets/Mini Legion Rock Golem PBR HP Polyart/Animations/Die.anim using Guid(d3aad3207f5c7984a878d6d3e713003f) Importer(815301076,1909f56bfc062723c751e8b465ee728b)  -> (artifact id: 'ad9645f57c6e551fedecb948487c1707') in 0.031192 seconds
  Import took 0.055085 seconds .

========================================================================
Received Import Request.
  Time since last request: 1.402314 seconds.
  path: Assets/Mini Legion Rock Golem PBR HP Polyart/Animations/Victory.anim
  artifactKey: Guid(9f23e57bf11c2e94cbdf8ed453e738cd) Importer(815301076,1909f56bfc062723c751e8b465ee728b)
Start importing Assets/Mini Legion Rock Golem PBR HP Polyart/Animations/Victory.anim using Guid(9f23e57bf11c2e94cbdf8ed453e738cd) Importer(815301076,1909f56bfc062723c751e8b465ee728b)  -> (artifact id: '9979774922ed26470bed7a8422cd083b') in 0.038297 seconds
  Import took 0.099367 seconds .

========================================================================
Received Prepare
Registering precompiled user dll's ...
Registered in 0.003632 seconds.
Begin MonoManager ReloadAssembly
Native extension for WindowsStandalone target not found
Refreshing native plugins compatible for Editor in 0.35 ms, found 2 plugins.
Preloading 0 native plugins for Editor in 0.00 ms.
Mono: successfully reloaded assembly
- Completed reload, in  1.102 seconds
Platform modules already initialized, skipping
Refreshing native plugins compatible for Editor in 0.32 ms, found 2 plugins.
Preloading 0 native plugins for Editor in 0.00 ms.
Unloading 1383 Unused Serialized files (Serialized files now loaded: 0)
System memory in use before: 83.1 MB.
System memory in use after: 83.2 MB.

Unloading 14 unused Assets to reduce memory usage. Loaded Objects now: 1895.
Total: 1.712300 ms (FindLiveObjects: 0.153300 ms CreateObjectMapping: 0.045500 ms MarkObjects: 1.456900 ms  DeleteObjects: 0.055600 ms)

========================================================================
Received Prepare
Registering precompiled user dll's ...
Registered in 0.004413 seconds.
Begin MonoManager ReloadAssembly
Native extension for WindowsStandalone target not found
Refreshing native plugins compatible for Editor in 0.34 ms, found 2 plugins.
Preloading 0 native plugins for Editor in 0.00 ms.
Mono: successfully reloaded assembly
- Completed reload, in  1.490 seconds
Platform modules already initialized, skipping
Refreshing native plugins compatible for Editor in 0.43 ms, found 2 plugins.
Preloading 0 native plugins for Editor in 0.00 ms.
Unloading 1383 Unused Serialized files (Serialized files now loaded: 0)
System memory in use before: 83.1 MB.
System memory in use after: 83.2 MB.

Unloading 14 unused Assets to reduce memory usage. Loaded Objects now: 1898.
Total: 2.179800 ms (FindLiveObjects: 0.229600 ms CreateObjectMapping: 0.048700 ms MarkObjects: 1.832800 ms  DeleteObjects: 0.067500 ms)

========================================================================
Received Prepare
Registering precompiled user dll's ...
Registered in 0.024116 seconds.
Begin MonoManager ReloadAssembly
Native extension for WindowsStandalone target not found
Refreshing native plugins compatible for Editor in 0.35 ms, found 2 plugins.
Preloading 0 native plugins for Editor in 0.00 ms.
Mono: successfully reloaded assembly
- Completed reload, in  3.592 seconds
Platform modules already initialized, skipping
Refreshing native plugins compatible for Editor in 0.30 ms, found 2 plugins.
Preloading 0 native plugins for Editor in 0.00 ms.
Unloading 1383 Unused Serialized files (Serialized files now loaded: 0)
System memory in use before: 83.1 MB.
System memory in use after: 83.2 MB.

Unloading 14 unused Assets to reduce memory usage. Loaded Objects now: 1901.
Total: 7.378900 ms (FindLiveObjects: 0.179400 ms CreateObjectMapping: 0.056900 ms MarkObjects: 7.066100 ms  DeleteObjects: 0.075000 ms)

========================================================================
Received Prepare
Registering precompiled user dll's ...
Registered in 0.007468 seconds.
Begin MonoManager ReloadAssembly
Native extension for WindowsStandalone target not found
Refreshing native plugins compatible for Editor in 0.30 ms, found 2 plugins.
Preloading 0 native plugins for Editor in 0.00 ms.
Mono: successfully reloaded assembly
- Completed reload, in  1.679 seconds
Platform modules already initialized, skipping
Refreshing native plugins compatible for Editor in 0.45 ms, found 2 plugins.
Preloading 0 native plugins for Editor in 0.00 ms.
Unloading 1383 Unused Serialized files (Serialized files now loaded: 0)
System memory in use before: 83.1 MB.
System memory in use after: 83.2 MB.

Unloading 14 unused Assets to reduce memory usage. Loaded Objects now: 1904.
Total: 3.145500 ms (FindLiveObjects: 0.459800 ms CreateObjectMapping: 0.428500 ms MarkObjects: 2.175200 ms  DeleteObjects: 0.080700 ms)

========================================================================
Received Prepare
Registering precompiled user dll's ...
Registered in 0.005330 seconds.
Begin MonoManager ReloadAssembly
Native extension for WindowsStandalone target not found
Refreshing native plugins compatible for Editor in 0.55 ms, found 2 plugins.
Preloading 0 native plugins for Editor in 0.00 ms.
Mono: successfully reloaded assembly
- Completed reload, in  2.772 seconds
Platform modules already initialized, skipping
Refreshing native plugins compatible for Editor in 0.49 ms, found 2 plugins.
Preloading 0 native plugins for Editor in 0.00 ms.
Unloading 1383 Unused Serialized files (Serialized files now loaded: 0)
System memory in use before: 83.1 MB.
System memory in use after: 83.2 MB.

Unloading 14 unused Assets to reduce memory usage. Loaded Objects now: 1907.
Total: 1.852300 ms (FindLiveObjects: 0.152300 ms CreateObjectMapping: 0.046700 ms MarkObjects: 1.596200 ms  DeleteObjects: 0.055900 ms)

========================================================================
Received Prepare
Registering precompiled user dll's ...
Registered in 0.064171 seconds.
Begin MonoManager ReloadAssembly
Native extension for WindowsStandalone target not found
Refreshing native plugins compatible for Editor in 1.99 ms, found 2 plugins.
Preloading 0 native plugins for Editor in 0.00 ms.
Mono: successfully reloaded assembly
- Completed reload, in 13.621 seconds
Platform modules already initialized, skipping
Refreshing native plugins compatible for Editor in 1.18 ms, found 2 plugins.
Preloading 0 native plugins for Editor in 0.00 ms.
Unloading 1383 Unused Serialized files (Serialized files now loaded: 0)
System memory in use before: 83.1 MB.
System memory in use after: 83.2 MB.

Unloading 14 unused Assets to reduce memory usage. Loaded Objects now: 1910.
Total: 47.210200 ms (FindLiveObjects: 16.700400 ms CreateObjectMapping: 0.120200 ms MarkObjects: 30.327000 ms  DeleteObjects: 0.060400 ms)

========================================================================
Received Prepare
Registering precompiled user dll's ...
Registered in 0.161309 seconds.
Begin MonoManager ReloadAssembly
Native extension for WindowsStandalone target not found
Refreshing native plugins compatible for Editor in 0.34 ms, found 2 plugins.
Preloading 0 native plugins for Editor in 0.00 ms.
Mono: successfully reloaded assembly
- Completed reload, in  3.862 seconds
Platform modules already initialized, skipping
Refreshing native plugins compatible for Editor in 0.35 ms, found 2 plugins.
Preloading 0 native plugins for Editor in 0.00 ms.
Unloading 1383 Unused Serialized files (Serialized files now loaded: 0)
System memory in use before: 83.1 MB.
System memory in use after: 83.2 MB.

Unloading 14 unused Assets to reduce memory usage. Loaded Objects now: 1913.
Total: 5.590400 ms (FindLiveObjects: 0.163300 ms CreateObjectMapping: 0.093100 ms MarkObjects: 5.208000 ms  DeleteObjects: 0.124200 ms)

========================================================================
Received Prepare
Registering precompiled user dll's ...
Registered in 0.004233 seconds.
Begin MonoManager ReloadAssembly
Native extension for WindowsStandalone target not found
Refreshing native plugins compatible for Editor in 0.79 ms, found 2 plugins.
Preloading 0 native plugins for Editor in 0.00 ms.
Mono: successfully reloaded assembly
- Completed reload, in  1.990 seconds
Platform modules already initialized, skipping
Refreshing native plugins compatible for Editor in 0.32 ms, found 2 plugins.
Preloading 0 native plugins for Editor in 0.00 ms.
Unloading 1383 Unused Serialized files (Serialized files now loaded: 0)
System memory in use before: 83.1 MB.
System memory in use after: 83.2 MB.

Unloading 14 unused Assets to reduce memory usage. Loaded Objects now: 1916.
Total: 2.832500 ms (FindLiveObjects: 0.231700 ms CreateObjectMapping: 0.057000 ms MarkObjects: 2.480400 ms  DeleteObjects: 0.062100 ms)

========================================================================
Received Import Request.
  Time since last request: 6690.662844 seconds.
  path: Assets/AI.cs
  artifactKey: Guid(251e4d35ca0687144b012b31b229ef8d) Importer(815301076,1909f56bfc062723c751e8b465ee728b)
Start importing Assets/AI.cs using Guid(251e4d35ca0687144b012b31b229ef8d) Importer(815301076,1909f56bfc062723c751e8b465ee728b)  -> (artifact id: '2fb1f6c24108c8f2d15460ae8215328e') in 0.010893 seconds
  Import took 0.027730 seconds .

========================================================================
Received Import Request.
  Time since last request: 0.010196 seconds.
  path: Assets/AI.cs
  artifactKey: Guid(251e4d35ca0687144b012b31b229ef8d) Importer(815301076,1909f56bfc062723c751e8b465ee728b)
Start importing Assets/AI.cs using Guid(251e4d35ca0687144b012b31b229ef8d) Importer(815301076,1909f56bfc062723c751e8b465ee728b)  -> (artifact id: '2fb1f6c24108c8f2d15460ae8215328e') in 0.004581 seconds
  Import took 0.006986 seconds .

========================================================================
Received Prepare
Registering precompiled user dll's ...
Registered in 0.003105 seconds.
Begin MonoManager ReloadAssembly
Native extension for WindowsStandalone target not found
Refreshing native plugins compatible for Editor in 0.40 ms, found 2 plugins.
Preloading 0 native plugins for Editor in 0.00 ms.
Mono: successfully reloaded assembly
- Completed reload, in  4.429 seconds
Platform modules already initialized, skipping
Refreshing native plugins compatible for Editor in 0.37 ms, found 2 plugins.
Preloading 0 native plugins for Editor in 0.00 ms.
Unloading 1383 Unused Serialized files (Serialized files now loaded: 0)
System memory in use before: 83.1 MB.
System memory in use after: 83.2 MB.

Unloading 14 unused Assets to reduce memory usage. Loaded Objects now: 1919.
Total: 3.709500 ms (FindLiveObjects: 0.194900 ms CreateObjectMapping: 0.099500 ms MarkObjects: 3.352800 ms  DeleteObjects: 0.060400 ms)

========================================================================
Received Import Request.
  Time since last request: 334.820028 seconds.
  path: Assets/AI.cs
  artifactKey: Guid(251e4d35ca0687144b012b31b229ef8d) Importer(815301076,1909f56bfc062723c751e8b465ee728b)
Start importing Assets/AI.cs using Guid(251e4d35ca0687144b012b31b229ef8d) Importer(815301076,1909f56bfc062723c751e8b465ee728b)  -> (artifact id: 'bde354cae0549519920cb3b25718729d') in 0.009932 seconds
  Import took 0.026733 seconds .

========================================================================
Received Prepare
Registering precompiled user dll's ...
Registered in 0.013424 seconds.
Begin MonoManager ReloadAssembly
Native extension for WindowsStandalone target not found
Refreshing native plugins compatible for Editor in 4.77 ms, found 2 plugins.
Preloading 0 native plugins for Editor in 0.00 ms.
Mono: successfully reloaded assembly
- Completed reload, in  2.129 seconds
Platform modules already initialized, skipping
Refreshing native plugins compatible for Editor in 0.68 ms, found 2 plugins.
Preloading 0 native plugins for Editor in 0.00 ms.
Unloading 1383 Unused Serialized files (Serialized files now loaded: 0)
System memory in use before: 83.1 MB.
System memory in use after: 83.2 MB.

Unloading 14 unused Assets to reduce memory usage. Loaded Objects now: 1922.
Total: 17.386100 ms (FindLiveObjects: 0.197700 ms CreateObjectMapping: 0.057100 ms MarkObjects: 17.070500 ms  DeleteObjects: 0.059100 ms)

========================================================================
Received Prepare
Registering precompiled user dll's ...
Registered in 0.058829 seconds.
Begin MonoManager ReloadAssembly
Native extension for WindowsStandalone target not found
Refreshing native plugins compatible for Editor in 0.99 ms, found 2 plugins.
Preloading 0 native plugins for Editor in 0.00 ms.
Mono: successfully reloaded assembly
- Completed reload, in  9.526 seconds
Platform modules already initialized, skipping
Refreshing native plugins compatible for Editor in 0.35 ms, found 2 plugins.
Preloading 0 native plugins for Editor in 0.00 ms.
Unloading 1383 Unused Serialized files (Serialized files now loaded: 0)
System memory in use before: 83.1 MB.
System memory in use after: 83.2 MB.

Unloading 14 unused Assets to reduce memory usage. Loaded Objects now: 1925.
Total: 26.116000 ms (FindLiveObjects: 0.249300 ms CreateObjectMapping: 5.438300 ms MarkObjects: 20.354100 ms  DeleteObjects: 0.071600 ms)

========================================================================
Received Import Request.
  Time since last request: 269.878442 seconds.
  path: Assets/AI.cs
  artifactKey: Guid(251e4d35ca0687144b012b31b229ef8d) Importer(815301076,1909f56bfc062723c751e8b465ee728b)
Start importing Assets/AI.cs using Guid(251e4d35ca0687144b012b31b229ef8d) Importer(815301076,1909f56bfc062723c751e8b465ee728b)  -> (artifact id: 'bdd015395fe6abb04e1c0bfc882a23b5') in 0.007611 seconds
  Import took 0.025651 seconds .

========================================================================
Received Prepare
Registering precompiled user dll's ...
Registered in 0.003876 seconds.
Begin MonoManager ReloadAssembly
Native extension for WindowsStandalone target not found
Refreshing native plugins compatible for Editor in 0.33 ms, found 2 plugins.
Preloading 0 native plugins for Editor in 0.00 ms.
Mono: successfully reloaded assembly
- Completed reload, in  1.958 seconds
Platform modules already initialized, skipping
Refreshing native plugins compatible for Editor in 0.35 ms, found 2 plugins.
Preloading 0 native plugins for Editor in 0.00 ms.
Unloading 1383 Unused Serialized files (Serialized files now loaded: 0)
System memory in use before: 83.2 MB.
System memory in use after: 83.2 MB.

Unloading 14 unused Assets to reduce memory usage. Loaded Objects now: 1928.
Total: 10.049300 ms (FindLiveObjects: 0.385300 ms CreateObjectMapping: 0.064700 ms MarkObjects: 9.533600 ms  DeleteObjects: 0.064400 ms)

========================================================================
Received Import Request.
  Time since last request: 55.882575 seconds.
  path: Assets/AI.cs
  artifactKey: Guid(251e4d35ca0687144b012b31b229ef8d) Importer(815301076,1909f56bfc062723c751e8b465ee728b)
Start importing Assets/AI.cs using Guid(251e4d35ca0687144b012b31b229ef8d) Importer(815301076,1909f56bfc062723c751e8b465ee728b)  -> (artifact id: '45dab6e9cca5c14c99337b995d427723') in 0.007535 seconds
  Import took 0.051590 seconds .

========================================================================
Received Prepare
Registering precompiled user dll's ...
Registered in 0.003397 seconds.
Begin MonoManager ReloadAssembly
Native extension for WindowsStandalone target not found
Refreshing native plugins compatible for Editor in 0.30 ms, found 2 plugins.
Preloading 0 native plugins for Editor in 0.00 ms.
Mono: successfully reloaded assembly
- Completed reload, in  8.385 seconds
Platform modules already initialized, skipping
Refreshing native plugins compatible for Editor in 1.18 ms, found 2 plugins.
Preloading 0 native plugins for Editor in 0.00 ms.
Unloading 1383 Unused Serialized files (Serialized files now loaded: 0)
System memory in use before: 83.2 MB.
System memory in use after: 83.2 MB.

Unloading 14 unused Assets to reduce memory usage. Loaded Objects now: 1931.
Total: 18.236900 ms (FindLiveObjects: 0.964100 ms CreateObjectMapping: 0.077900 ms MarkObjects: 17.139000 ms  DeleteObjects: 0.054200 ms)

========================================================================
Received Prepare
Registering precompiled user dll's ...
Registered in 0.332851 seconds.
Begin MonoManager ReloadAssembly
Native extension for WindowsStandalone target not found
Refreshing native plugins compatible for Editor in 0.31 ms, found 2 plugins.
Preloading 0 native plugins for Editor in 0.00 ms.
Mono: successfully reloaded assembly
- Completed reload, in  2.116 seconds
Platform modules already initialized, skipping
Refreshing native plugins compatible for Editor in 0.30 ms, found 2 plugins.
Preloading 0 native plugins for Editor in 0.00 ms.
Unloading 1383 Unused Serialized files (Serialized files now loaded: 0)
System memory in use before: 83.2 MB.
System memory in use after: 83.2 MB.

Unloading 14 unused Assets to reduce memory usage. Loaded Objects now: 1934.
Total: 3.715900 ms (FindLiveObjects: 0.206900 ms CreateObjectMapping: 0.062300 ms MarkObjects: 3.340400 ms  DeleteObjects: 0.105000 ms)

========================================================================
Received Import Request.
  Time since last request: 204.310052 seconds.
  path: Assets/AI.cs
  artifactKey: Guid(251e4d35ca0687144b012b31b229ef8d) Importer(815301076,1909f56bfc062723c751e8b465ee728b)
Start importing Assets/AI.cs using Guid(251e4d35ca0687144b012b31b229ef8d) Importer(815301076,1909f56bfc062723c751e8b465ee728b)  -> (artifact id: 'b282868189c2a5c151230d5d21c3d677') in 0.022186 seconds
  Import took 0.025254 seconds .

========================================================================
Received Import Request.
  Time since last request: 0.018618 seconds.
  path: Assets/AI.cs
  artifactKey: Guid(251e4d35ca0687144b012b31b229ef8d) Importer(815301076,1909f56bfc062723c751e8b465ee728b)
Start importing Assets/AI.cs using Guid(251e4d35ca0687144b012b31b229ef8d) Importer(815301076,1909f56bfc062723c751e8b465ee728b)  -> (artifact id: 'b282868189c2a5c151230d5d21c3d677') in 0.006784 seconds
  Import took 0.012553 seconds .

========================================================================
Received Prepare
Registering precompiled user dll's ...
Registered in 0.008722 seconds.
Begin MonoManager ReloadAssembly
Native extension for WindowsStandalone target not found
Refreshing native plugins compatible for Editor in 0.31 ms, found 2 plugins.
Preloading 0 native plugins for Editor in 0.00 ms.
Mono: successfully reloaded assembly
- Completed reload, in  2.169 seconds
Platform modules already initialized, skipping
Refreshing native plugins compatible for Editor in 0.58 ms, found 2 plugins.
Preloading 0 native plugins for Editor in 0.00 ms.
Unloading 1383 Unused Serialized files (Serialized files now loaded: 0)
System memory in use before: 83.2 MB.
System memory in use after: 83.2 MB.

Unloading 14 unused Assets to reduce memory usage. Loaded Objects now: 1937.
Total: 2.634800 ms (FindLiveObjects: 0.170600 ms CreateObjectMapping: 0.046400 ms MarkObjects: 2.352300 ms  DeleteObjects: 0.064000 ms)

========================================================================
Received Import Request.
  Time since last request: 41.630212 seconds.
  path: Assets/AI.cs
  artifactKey: Guid(251e4d35ca0687144b012b31b229ef8d) Importer(815301076,1909f56bfc062723c751e8b465ee728b)
Start importing Assets/AI.cs using Guid(251e4d35ca0687144b012b31b229ef8d) Importer(815301076,1909f56bfc062723c751e8b465ee728b)  -> (artifact id: 'b9258097264d5339f016c12f8df2a9a5') in 0.004478 seconds
  Import took 0.006733 seconds .

========================================================================
Received Import Request.
  Time since last request: 324.720314 seconds.
  path: Assets/Mini Legion Rock Golem PBR HP Polyart/Animations
  artifactKey: Guid(8eb46427da1d47446ac345cc988eb7ce) Importer(815301076,1909f56bfc062723c751e8b465ee728b)
Start importing Assets/Mini Legion Rock Golem PBR HP Polyart/Animations using Guid(8eb46427da1d47446ac345cc988eb7ce) Importer(815301076,1909f56bfc062723c751e8b465ee728b)  -> (artifact id: 'b8cf62141521ca6c1455ef109cafbae5') in 0.010318 seconds
  Import took 0.024584 seconds .

========================================================================
Received Import Request.
  Time since last request: 1.032528 seconds.
  path: Assets/Mini Legion Rock Golem PBR HP Polyart/Animations/Idle.anim
  artifactKey: Guid(e724ee346f18e7e43b5b92571f02faa1) Importer(815301076,1909f56bfc062723c751e8b465ee728b)
Start importing Assets/Mini Legion Rock Golem PBR HP Polyart/Animations/Idle.anim using Guid(e724ee346f18e7e43b5b92571f02faa1) Importer(815301076,1909f56bfc062723c751e8b465ee728b)  -> (artifact id: 'c94606bdf8dbf0a09e436828fa0338bf') in 0.128884 seconds
  Import took 0.134251 seconds .

========================================================================
Received Import Request.
  Time since last request: 48.265658 seconds.
  path: Assets/ToonyTinyPeople/TT_RTS/TT_RTS_standard_demo/sample_scene/sample_infantry.controller
  artifactKey: Guid(0d2a25dfb60c5e4479a2490b7db6aba4) Importer(815301076,1909f56bfc062723c751e8b465ee728b)
Start importing Assets/ToonyTinyPeople/TT_RTS/TT_RTS_standard_demo/sample_scene/sample_infantry.controller using Guid(0d2a25dfb60c5e4479a2490b7db6aba4) Importer(815301076,1909f56bfc062723c751e8b465ee728b)  -> (artifact id: '88a01869fd7dfcd7ebf258113ed877f7') in 0.035408 seconds
  Import took 0.041214 seconds .

========================================================================
Received Import Request.
  Time since last request: 217.758197 seconds.
  path: Assets/NewBehaviourScript.cs
  artifactKey: Guid(a6e702818955b2745a7c2b3e10560d52) Importer(815301076,1909f56bfc062723c751e8b465ee728b)
Start importing Assets/NewBehaviourScript.cs using Guid(a6e702818955b2745a7c2b3e10560d52) Importer(815301076,1909f56bfc062723c751e8b465ee728b)  -> (artifact id: 'c673af569a6ce276fbea7548b6c92ad7') in 0.012417 seconds
  Import took 0.063814 seconds .

========================================================================
Received Prepare
Registering precompiled user dll's ...
Registered in 0.042848 seconds.
Begin MonoManager ReloadAssembly
Native extension for WindowsStandalone target not found
Refreshing native plugins compatible for Editor in 0.30 ms, found 2 plugins.
Preloading 0 native plugins for Editor in 0.00 ms.
Mono: successfully reloaded assembly
- Completed reload, in  1.622 seconds
Platform modules already initialized, skipping
Refreshing native plugins compatible for Editor in 0.29 ms, found 2 plugins.
Preloading 0 native plugins for Editor in 0.00 ms.
Unloading 1383 Unused Serialized files (Serialized files now loaded: 0)
System memory in use before: 83.2 MB.
System memory in use after: 83.3 MB.

Unloading 14 unused Assets to reduce memory usage. Loaded Objects now: 1940.
Total: 1.895900 ms (FindLiveObjects: 0.165000 ms CreateObjectMapping: 0.050500 ms MarkObjects: 1.618800 ms  DeleteObjects: 0.060600 ms)

========================================================================
Received Import Request.
  Time since last request: 113.482330 seconds.
  path: Assets/AI.cs
  artifactKey: Guid(251e4d35ca0687144b012b31b229ef8d) Importer(815301076,1909f56bfc062723c751e8b465ee728b)
Start importing Assets/AI.cs using Guid(251e4d35ca0687144b012b31b229ef8d) Importer(815301076,1909f56bfc062723c751e8b465ee728b)  -> (artifact id: '516f65228d0849b591bef60959ece730') in 0.006823 seconds
  Import took 0.051530 seconds .

========================================================================
Received Import Request.
  Time since last request: 0.664819 seconds.
  path: Assets/AI.cs
  artifactKey: Guid(251e4d35ca0687144b012b31b229ef8d) Importer(815301076,1909f56bfc062723c751e8b465ee728b)
Start importing Assets/AI.cs using Guid(251e4d35ca0687144b012b31b229ef8d) Importer(815301076,1909f56bfc062723c751e8b465ee728b)  -> (artifact id: '516f65228d0849b591bef60959ece730') in 0.004079 seconds
  Import took 0.006692 seconds .

========================================================================
Received Prepare
Registering precompiled user dll's ...
Registered in 0.011568 seconds.
Begin MonoManager ReloadAssembly
Native extension for WindowsStandalone target not found
Refreshing native plugins compatible for Editor in 0.30 ms, found 2 plugins.
Preloading 0 native plugins for Editor in 0.00 ms.
Mono: successfully reloaded assembly
- Completed reload, in  1.582 seconds
Platform modules already initialized, skipping
Refreshing native plugins compatible for Editor in 0.33 ms, found 2 plugins.
Preloading 0 native plugins for Editor in 0.00 ms.
Unloading 1383 Unused Serialized files (Serialized files now loaded: 0)
System memory in use before: 83.2 MB.
System memory in use after: 83.3 MB.

Unloading 14 unused Assets to reduce memory usage. Loaded Objects now: 1943.
Total: 1.824500 ms (FindLiveObjects: 0.160900 ms CreateObjectMapping: 0.045700 ms MarkObjects: 1.563800 ms  DeleteObjects: 0.053300 ms)

========================================================================
Received Import Request.
  Time since last request: 144.637262 seconds.
  path: Assets/Mini Legion Rock Golem PBR HP Polyart/Animations/StateGolem.controller
  artifactKey: Guid(f3350181a59e4b94ba56e06d3041f5ff) Importer(815301076,1909f56bfc062723c751e8b465ee728b)
Start importing Assets/Mini Legion Rock Golem PBR HP Polyart/Animations/StateGolem.controller using Guid(f3350181a59e4b94ba56e06d3041f5ff) Importer(815301076,1909f56bfc062723c751e8b465ee728b)  -> (artifact id: 'e00211860af145385371d5d870c95cd4') in 0.051990 seconds
  Import took 0.059666 seconds .

========================================================================
Received Prepare
Registering precompiled user dll's ...
Registered in 0.002888 seconds.
Begin MonoManager ReloadAssembly
Native extension for WindowsStandalone target not found
Refreshing native plugins compatible for Editor in 0.34 ms, found 2 plugins.
Preloading 0 native plugins for Editor in 0.00 ms.
Mono: successfully reloaded assembly
- Completed reload, in  1.491 seconds
Platform modules already initialized, skipping
Refreshing native plugins compatible for Editor in 0.29 ms, found 2 plugins.
Preloading 0 native plugins for Editor in 0.00 ms.
Unloading 1383 Unused Serialized files (Serialized files now loaded: 0)
System memory in use before: 83.2 MB.
System memory in use after: 83.3 MB.

Unloading 14 unused Assets to reduce memory usage. Loaded Objects now: 1946.
Total: 1.993500 ms (FindLiveObjects: 0.156200 ms CreateObjectMapping: 0.050300 ms MarkObjects: 1.726700 ms  DeleteObjects: 0.059300 ms)

========================================================================
Received Prepare
Registering precompiled user dll's ...
Registered in 0.002955 seconds.
Begin MonoManager ReloadAssembly
Native extension for WindowsStandalone target not found
Refreshing native plugins compatible for Editor in 0.45 ms, found 2 plugins.
Preloading 0 native plugins for Editor in 0.00 ms.
Mono: successfully reloaded assembly
- Completed reload, in  1.326 seconds
Platform modules already initialized, skipping
Refreshing native plugins compatible for Editor in 0.34 ms, found 2 plugins.
Preloading 0 native plugins for Editor in 0.00 ms.
Unloading 1383 Unused Serialized files (Serialized files now loaded: 0)
System memory in use before: 83.2 MB.
System memory in use after: 83.3 MB.

Unloading 14 unused Assets to reduce memory usage. Loaded Objects now: 1949.
Total: 2.140500 ms (FindLiveObjects: 0.153000 ms CreateObjectMapping: 0.045400 ms MarkObjects: 1.858200 ms  DeleteObjects: 0.082800 ms)

========================================================================
Received Prepare
Registering precompiled user dll's ...
Registered in 0.015245 seconds.
Begin MonoManager ReloadAssembly
Native extension for WindowsStandalone target not found
Refreshing native plugins compatible for Editor in 0.31 ms, found 2 plugins.
Preloading 0 native plugins for Editor in 0.00 ms.
Mono: successfully reloaded assembly
- Completed reload, in  2.515 seconds
Platform modules already initialized, skipping
Refreshing native plugins compatible for Editor in 0.67 ms, found 2 plugins.
Preloading 0 native plugins for Editor in 0.00 ms.
Unloading 1383 Unused Serialized files (Serialized files now loaded: 0)
System memory in use before: 83.2 MB.
System memory in use after: 83.3 MB.

Unloading 14 unused Assets to reduce memory usage. Loaded Objects now: 1952.
Total: 3.431900 ms (FindLiveObjects: 0.264900 ms CreateObjectMapping: 0.092200 ms MarkObjects: 3.014300 ms  DeleteObjects: 0.059300 ms)

========================================================================
Received Prepare
Registering precompiled user dll's ...
Registered in 0.003095 seconds.
Begin MonoManager ReloadAssembly
Native extension for WindowsStandalone target not found
Refreshing native plugins compatible for Editor in 0.34 ms, found 2 plugins.
Preloading 0 native plugins for Editor in 0.00 ms.
Mono: successfully reloaded assembly
- Completed reload, in  1.225 seconds
Platform modules already initialized, skipping
Refreshing native plugins compatible for Editor in 0.29 ms, found 2 plugins.
Preloading 0 native plugins for Editor in 0.00 ms.
Unloading 1383 Unused Serialized files (Serialized files now loaded: 0)
System memory in use before: 83.2 MB.
System memory in use after: 83.3 MB.

Unloading 14 unused Assets to reduce memory usage. Loaded Objects now: 1955.
Total: 2.054400 ms (FindLiveObjects: 0.173000 ms CreateObjectMapping: 0.055200 ms MarkObjects: 1.763500 ms  DeleteObjects: 0.061700 ms)

========================================================================
Received Prepare
Registering precompiled user dll's ...
Registered in 0.004990 seconds.
Begin MonoManager ReloadAssembly
Native extension for WindowsStandalone target not found
Refreshing native plugins compatible for Editor in 0.51 ms, found 2 plugins.
Preloading 0 native plugins for Editor in 0.00 ms.
Mono: successfully reloaded assembly
- Completed reload, in  2.267 seconds
Platform modules already initialized, skipping
Refreshing native plugins compatible for Editor in 0.32 ms, found 2 plugins.
Preloading 0 native plugins for Editor in 0.00 ms.
Unloading 1383 Unused Serialized files (Serialized files now loaded: 0)
System memory in use before: 83.2 MB.
System memory in use after: 83.3 MB.

Unloading 14 unused Assets to reduce memory usage. Loaded Objects now: 1958.
Total: 4.095600 ms (FindLiveObjects: 0.170300 ms CreateObjectMapping: 0.049000 ms MarkObjects: 3.387700 ms  DeleteObjects: 0.486700 ms)

========================================================================
Received Prepare
Registering precompiled user dll's ...
Registered in 0.004399 seconds.
Begin MonoManager ReloadAssembly
Native extension for WindowsStandalone target not found
Refreshing native plugins compatible for Editor in 0.30 ms, found 2 plugins.
Preloading 0 native plugins for Editor in 0.00 ms.
Mono: successfully reloaded assembly
- Completed reload, in  1.349 seconds
Platform modules already initialized, skipping
Refreshing native plugins compatible for Editor in 0.30 ms, found 2 plugins.
Preloading 0 native plugins for Editor in 0.00 ms.
Unloading 1383 Unused Serialized files (Serialized files now loaded: 0)
System memory in use before: 83.2 MB.
System memory in use after: 83.3 MB.

Unloading 14 unused Assets to reduce memory usage. Loaded Objects now: 1961.
Total: 2.378600 ms (FindLiveObjects: 0.184400 ms CreateObjectMapping: 0.055800 ms MarkObjects: 2.076500 ms  DeleteObjects: 0.060700 ms)

========================================================================
Received Prepare
Registering precompiled user dll's ...
Registered in 0.006374 seconds.
Begin MonoManager ReloadAssembly
Native extension for WindowsStandalone target not found
Refreshing native plugins compatible for Editor in 0.32 ms, found 2 plugins.
Preloading 0 native plugins for Editor in 0.00 ms.
Mono: successfully reloaded assembly
- Completed reload, in  1.310 seconds
Platform modules already initialized, skipping
Refreshing native plugins compatible for Editor in 0.30 ms, found 2 plugins.
Preloading 0 native plugins for Editor in 0.00 ms.
Unloading 1383 Unused Serialized files (Serialized files now loaded: 0)
System memory in use before: 83.2 MB.
System memory in use after: 83.3 MB.

Unloading 14 unused Assets to reduce memory usage. Loaded Objects now: 1964.
Total: 1.902400 ms (FindLiveObjects: 0.271600 ms CreateObjectMapping: 0.049700 ms MarkObjects: 1.522700 ms  DeleteObjects: 0.057400 ms)

========================================================================
Received Import Request.
  Time since last request: 1048.607005 seconds.
  path: Assets/Mini Legion Rock Golem PBR HP Polyart/Animations/Animator test.controller
  artifactKey: Guid(7ea8482b6d92f89499c6893cd496a8f9) Importer(815301076,1909f56bfc062723c751e8b465ee728b)
Start importing Assets/Mini Legion Rock Golem PBR HP Polyart/Animations/Animator test.controller using Guid(7ea8482b6d92f89499c6893cd496a8f9) Importer(815301076,1909f56bfc062723c751e8b465ee728b)  -> (artifact id: '4c83f342ebaa3226543c9d3a6a3e8a76') in 0.026639 seconds
  Import took 0.031670 seconds .

========================================================================
Received Import Request.
  Time since last request: 31.361519 seconds.
  path: Assets/Mini Legion Rock Golem PBR HP Polyart/Scenes
  artifactKey: Guid(b2da5e651e7a14c48a499ab4c81f7769) Importer(815301076,1909f56bfc062723c751e8b465ee728b)
Start importing Assets/Mini Legion Rock Golem PBR HP Polyart/Scenes using Guid(b2da5e651e7a14c48a499ab4c81f7769) Importer(815301076,1909f56bfc062723c751e8b465ee728b)  -> (artifact id: '52f667459557f0264cb07a7cd4631a98') in 0.006716 seconds
  Import took 0.010597 seconds .

========================================================================
Received Import Request.
  Time since last request: 0.907240 seconds.
  path: Assets/Mini Legion Rock Golem PBR HP Polyart/Textures
  artifactKey: Guid(42c91b033fcbfc04fb89953e4bac2108) Importer(815301076,1909f56bfc062723c751e8b465ee728b)
Start importing Assets/Mini Legion Rock Golem PBR HP Polyart/Textures using Guid(42c91b033fcbfc04fb89953e4bac2108) Importer(815301076,1909f56bfc062723c751e8b465ee728b)  -> (artifact id: 'e8017bcdfcd28f16aa34f7a8c707b84d') in 0.011188 seconds
  Import took 0.013987 seconds .

========================================================================
Received Import Request.
  Time since last request: 0.887147 seconds.
  path: Assets/Mini Legion Rock Golem PBR HP Polyart/Meshes
  artifactKey: Guid(36ec26ab837c15349881a4c79836f2aa) Importer(815301076,1909f56bfc062723c751e8b465ee728b)
Start importing Assets/Mini Legion Rock Golem PBR HP Polyart/Meshes using Guid(36ec26ab837c15349881a4c79836f2aa) Importer(815301076,1909f56bfc062723c751e8b465ee728b)  -> (artifact id: '5fb7d9a7e30a44d41e13bf60cdb4dacc') in 0.010437 seconds
  Import took 0.054270 seconds .

========================================================================
Received Import Request.
  Time since last request: 0.708896 seconds.
  path: Assets/Mini Legion Rock Golem PBR HP Polyart/Materials
  artifactKey: Guid(ac4a2f5dace0a1544806656018bb8845) Importer(815301076,1909f56bfc062723c751e8b465ee728b)
Start importing Assets/Mini Legion Rock Golem PBR HP Polyart/Materials using Guid(ac4a2f5dace0a1544806656018bb8845) Importer(815301076,1909f56bfc062723c751e8b465ee728b)  -> (artifact id: 'd955d47a29604d2d9740a47e975749c6') in 0.009639 seconds
  Import took 0.013969 seconds .

========================================================================
Received Import Request.
  Time since last request: 37.468007 seconds.
  path: Assets/Mini Legion Rock Golem PBR HP Polyart/Animations/FreeGolem.controller
  artifactKey: Guid(64e2ef14a02f69a4b94edbee54ca296a) Importer(815301076,1909f56bfc062723c751e8b465ee728b)
Start importing Assets/Mini Legion Rock Golem PBR HP Polyart/Animations/FreeGolem.controller using Guid(64e2ef14a02f69a4b94edbee54ca296a) Importer(815301076,1909f56bfc062723c751e8b465ee728b)  -> (artifact id: 'cbbdbf97420dad49adf39f727e7dbd67') in 0.095461 seconds
  Import took 0.105328 seconds .

========================================================================
Received Import Request.
  Time since last request: 16.658022 seconds.
  path: Assets/Mini Legion Rock Golem PBR HP Polyart/Animations/StateGolem.controller
  artifactKey: Guid(f3350181a59e4b94ba56e06d3041f5ff) Importer(815301076,1909f56bfc062723c751e8b465ee728b)
Start importing Assets/Mini Legion Rock Golem PBR HP Polyart/Animations/StateGolem.controller using Guid(f3350181a59e4b94ba56e06d3041f5ff) Importer(815301076,1909f56bfc062723c751e8b465ee728b)  -> (artifact id: '8dfca76d6c5d4320b65712fe44a6f573') in 0.036717 seconds
  Import took 0.095876 seconds .

========================================================================
Received Import Request.
  Time since last request: 26.384573 seconds.
  path: Assets/Mini Legion Rock Golem PBR HP Polyart/Prefabs/HP_Golem.prefab
  artifactKey: Guid(c9bc790a133e19c40b64d6db4cfb7a22) Importer(815301076,1909f56bfc062723c751e8b465ee728b)
Start importing Assets/Mini Legion Rock Golem PBR HP Polyart/Prefabs/HP_Golem.prefab using Guid(c9bc790a133e19c40b64d6db4cfb7a22) Importer(815301076,1909f56bfc062723c751e8b465ee728b)  -> (artifact id: 'cb14a9ac4a13d8c077f51d96483adf76') in 0.272372 seconds
  Import took 0.275014 seconds .

========================================================================
Received Import Request.
  Time since last request: 17.756020 seconds.
  path: Assets/Mini Legion Rock Golem PBR HP Polyart/Animations/Animator test.controller
  artifactKey: Guid(7ea8482b6d92f89499c6893cd496a8f9) Importer(815301076,1909f56bfc062723c751e8b465ee728b)
Start importing Assets/Mini Legion Rock Golem PBR HP Polyart/Animations/Animator test.controller using Guid(7ea8482b6d92f89499c6893cd496a8f9) Importer(815301076,1909f56bfc062723c751e8b465ee728b)  -> (artifact id: '4b7f4488e27fe6f65040d05d0b8d0424') in 0.034653 seconds
  Import took 0.037585 seconds .

AssetImportWorkerClient::OnTransportError - code=2 error=End of file
